------------------------------------------------------------------------------------------------------------------------

[2020-04-30 10:44:09 #1 store] 
Database 'C:\Users\julen\git\Bets2020Iter2\Bets2020\src\main\resources\bets.temp' is opened by 3260@DESKTOP-VQ96A8O

[2020-04-30 10:44:09 #2 type] 
Type domain.Question is not enhanced.

[2020-04-30 10:44:09 #3 type] 
Type domain.Event is not enhanced.

[2020-04-30 10:44:09 #4 type] 
Type domain.User is not enhanced.

[2020-04-30 10:44:09 #5 type] 
Type domain.Kuota is not enhanced.

[2020-04-30 10:44:09 #6 type] 
Type domain.Registered is not enhanced.

[2020-04-30 10:44:09 #7 type] 
Type domain.Mugimendua is not enhanced.

[2020-04-30 10:44:09 #8 type] 
Type domain.MoneyTrans is not enhanced.

[2020-04-30 10:44:09 #9 type] 
Type domain.Apustua is not enhanced.

[2020-04-30 10:44:09 #10 type] 
Type domain.Admin is not enhanced.

------------------------------------------------------------------------------------------------------------------------

[2020-04-30 10:47:08 #1 store] 
Database 'C:\Users\julen\git\Bets2020Iter2\Bets2020\src\main\resources\bets.temp' is opened by 10100@DESKTOP-VQ96A8O

[2020-04-30 10:47:08 #2 type] 
Type domain.Question is not enhanced.

[2020-04-30 10:47:08 #3 type] 
Type domain.Event is not enhanced.

[2020-04-30 10:47:08 #4 type] 
Type domain.User is not enhanced.

[2020-04-30 10:47:08 #5 type] 
Type domain.Kuota is not enhanced.

[2020-04-30 10:47:08 #6 type] 
Type domain.Registered is not enhanced.

[2020-04-30 10:47:08 #7 type] 
Type domain.Mugimendua is not enhanced.

[2020-04-30 10:47:08 #8 type] 
Type domain.MoneyTrans is not enhanced.

[2020-04-30 10:47:08 #9 type] 
Type domain.Apustua is not enhanced.

[2020-04-30 10:47:08 #10 type] 
Type domain.Admin is not enhanced.

------------------------------------------------------------------------------------------------------------------------

[2020-04-30 10:53:10 #1 store] 
Database 'C:\Users\julen\git\Bets2020Iter2\Bets2020\src\main\resources\bets.temp' is opened by 23828@DESKTOP-VQ96A8O

[2020-04-30 10:53:10 #2 type] 
Type domain.Question is not enhanced.

[2020-04-30 10:53:10 #3 type] 
Type domain.Event is not enhanced.

[2020-04-30 10:53:10 #4 type] 
Type domain.User is not enhanced.

[2020-04-30 10:53:10 #5 type] 
Type domain.Kuota is not enhanced.

[2020-04-30 10:53:10 #6 type] 
Type domain.Registered is not enhanced.

[2020-04-30 10:53:10 #7 type] 
Type domain.Mugimendua is not enhanced.

[2020-04-30 10:53:10 #8 type] 
Type domain.MoneyTrans is not enhanced.

[2020-04-30 10:53:10 #9 type] 
Type domain.Apustua is not enhanced.

[2020-04-30 10:53:10 #10 type] 
Type domain.Admin is not enhanced.

------------------------------------------------------------------------------------------------------------------------

[2020-04-30 10:53:21 #1 store] 
Database 'C:\Users\julen\git\Bets2020Iter2\Bets2020\src\main\resources\bets.temp' is opened by 30036@DESKTOP-VQ96A8O

[2020-04-30 10:53:21 #2 type] 
Type domain.Question is not enhanced.

[2020-04-30 10:53:21 #3 type] 
Type domain.Event is not enhanced.

[2020-04-30 10:53:21 #4 type] 
Type domain.User is not enhanced.

[2020-04-30 10:53:21 #5 type] 
Type domain.Kuota is not enhanced.

[2020-04-30 10:53:21 #6 type] 
Type domain.Registered is not enhanced.

[2020-04-30 10:53:21 #7 type] 
Type domain.Mugimendua is not enhanced.

[2020-04-30 10:53:21 #8 type] 
Type domain.MoneyTrans is not enhanced.

[2020-04-30 10:53:21 #9 type] 
Type domain.Apustua is not enhanced.

[2020-04-30 10:53:21 #10 type] 
Type domain.Admin is not enhanced.

------------------------------------------------------------------------------------------------------------------------

[2020-04-30 10:53:40 #1 store] 
Database 'C:\Users\julen\git\Bets2020Iter2\Bets2020\src\main\resources\bets.temp' is opened by 30324@DESKTOP-VQ96A8O

[2020-04-30 10:53:40 #2 type] 
Type domain.Question is not enhanced.

[2020-04-30 10:53:40 #3 type] 
Type domain.Event is not enhanced.

[2020-04-30 10:53:40 #4 type] 
Type domain.User is not enhanced.

[2020-04-30 10:53:40 #5 type] 
Type domain.Kuota is not enhanced.

[2020-04-30 10:53:40 #6 type] 
Type domain.Registered is not enhanced.

[2020-04-30 10:53:40 #7 type] 
Type domain.Mugimendua is not enhanced.

[2020-04-30 10:53:40 #8 type] 
Type domain.MoneyTrans is not enhanced.

[2020-04-30 10:53:40 #9 type] 
Type domain.Apustua is not enhanced.

[2020-04-30 10:53:40 #10 type] 
Type domain.Admin is not enhanced.

------------------------------------------------------------------------------------------------------------------------

[2020-04-30 11:03:03 #1 store] 
Database 'C:\Users\julen\git\Bets2020Iter2\Bets2020\src\main\resources\bets.temp' is opened by 33988@DESKTOP-VQ96A8O

[2020-04-30 11:03:03 #2 type] 
Type domain.Question is not enhanced.

[2020-04-30 11:03:03 #3 type] 
Type domain.Event is not enhanced.

[2020-04-30 11:03:03 #4 type] 
Type domain.User is not enhanced.

[2020-04-30 11:03:03 #5 type] 
Type domain.Kuota is not enhanced.

[2020-04-30 11:03:03 #6 type] 
Type domain.Registered is not enhanced.

[2020-04-30 11:03:03 #7 type] 
Type domain.Mugimendua is not enhanced.

[2020-04-30 11:03:03 #8 type] 
Type domain.MoneyTrans is not enhanced.

[2020-04-30 11:03:03 #9 type] 
Type domain.Apustua is not enhanced.

[2020-04-30 11:03:03 #10 type] 
Type domain.Admin is not enhanced.

------------------------------------------------------------------------------------------------------------------------

[2020-04-30 11:04:25 #1 store] 
Database 'C:\Users\julen\git\Bets2020Iter2\Bets2020\src\main\resources\bets.temp' has been recovered (tr. 876-876)

[2020-04-30 11:04:25 #2 store] 
Database 'C:\Users\julen\git\Bets2020Iter2\Bets2020\src\main\resources\bets.temp' is opened by 6136@DESKTOP-VQ96A8O

[2020-04-30 11:04:25 #3 type] 
Type domain.Question is not enhanced.

[2020-04-30 11:04:25 #4 type] 
Type domain.Event is not enhanced.

[2020-04-30 11:04:25 #5 type] 
Type domain.User is not enhanced.

[2020-04-30 11:04:25 #6 type] 
Type domain.Kuota is not enhanced.

[2020-04-30 11:04:25 #7 type] 
Type domain.Registered is not enhanced.

[2020-04-30 11:04:25 #8 type] 
Type domain.Mugimendua is not enhanced.

[2020-04-30 11:04:25 #9 type] 
Type domain.MoneyTrans is not enhanced.

[2020-04-30 11:04:25 #10 type] 
Type domain.Apustua is not enhanced.

[2020-04-30 11:04:25 #11 type] 
Type domain.Admin is not enhanced.

------------------------------------------------------------------------------------------------------------------------

[2020-04-30 11:07:17 #1 store] 
Database 'C:\Users\julen\git\Bets2020Iter2\Bets2020\src\main\resources\bets.temp' is opened by 35624@DESKTOP-VQ96A8O

[2020-04-30 11:07:17 #2 type] 
Type domain.Question is not enhanced.

[2020-04-30 11:07:17 #3 type] 
Type domain.Event is not enhanced.

[2020-04-30 11:07:17 #4 type] 
Type domain.User is not enhanced.

[2020-04-30 11:07:17 #5 type] 
Type domain.Kuota is not enhanced.

[2020-04-30 11:07:17 #6 type] 
Type domain.Registered is not enhanced.

[2020-04-30 11:07:17 #7 type] 
Type domain.Mugimendua is not enhanced.

[2020-04-30 11:07:17 #8 type] 
Type domain.MoneyTrans is not enhanced.

[2020-04-30 11:07:17 #9 type] 
Type domain.Apustua is not enhanced.

[2020-04-30 11:07:17 #10 type] 
Type domain.Admin is not enhanced.

------------------------------------------------------------------------------------------------------------------------

[2020-04-30 11:07:45 #1 store] 
Database 'C:\Users\julen\git\Bets2020Iter2\Bets2020\src\main\resources\bets.temp' is opened by 1700@DESKTOP-VQ96A8O

[2020-04-30 11:07:45 #2 type] 
Type domain.Question is not enhanced.

[2020-04-30 11:07:45 #3 type] 
Type domain.Event is not enhanced.

[2020-04-30 11:07:45 #4 type] 
Type domain.User is not enhanced.

[2020-04-30 11:07:45 #5 type] 
Type domain.Kuota is not enhanced.

[2020-04-30 11:07:45 #6 type] 
Type domain.Registered is not enhanced.

[2020-04-30 11:07:45 #7 type] 
Type domain.Mugimendua is not enhanced.

[2020-04-30 11:07:45 #8 type] 
Type domain.MoneyTrans is not enhanced.

[2020-04-30 11:07:45 #9 type] 
Type domain.Apustua is not enhanced.

[2020-04-30 11:07:45 #10 type] 
Type domain.Admin is not enhanced.

------------------------------------------------------------------------------------------------------------------------

[2020-04-30 11:13:04 #1 store] 
Database 'C:\Users\julen\git\Bets2020Iter2\Bets2020\src\main\resources\bets.temp' is opened by 8516@DESKTOP-VQ96A8O

[2020-04-30 11:13:04 #2 type] 
Type domain.Question is not enhanced.

[2020-04-30 11:13:04 #3 type] 
Type domain.Event is not enhanced.

[2020-04-30 11:13:04 #4 type] 
Type domain.User is not enhanced.

[2020-04-30 11:13:04 #5 type] 
Type domain.Kuota is not enhanced.

[2020-04-30 11:13:04 #6 type] 
Type domain.Registered is not enhanced.

[2020-04-30 11:13:04 #7 type] 
Type domain.Mugimendua is not enhanced.

[2020-04-30 11:13:04 #8 type] 
Type domain.MoneyTrans is not enhanced.

[2020-04-30 11:13:04 #9 type] 
Type domain.Apustua is not enhanced.

[2020-04-30 11:13:04 #10 type] 
Type domain.Admin is not enhanced.

------------------------------------------------------------------------------------------------------------------------

[2020-04-30 11:15:45 #1 store] 
Database 'C:\Users\julen\git\Bets2020Iter2\Bets2020\src\main\resources\bets.temp' has been recovered (tr. 877-877)

[2020-04-30 11:15:45 #2 store] 
Database 'C:\Users\julen\git\Bets2020Iter2\Bets2020\src\main\resources\bets.temp' is opened by 18716@DESKTOP-VQ96A8O

[2020-04-30 11:15:45 #3 type] 
Type domain.Question is not enhanced.

[2020-04-30 11:15:45 #4 type] 
Type domain.Event is not enhanced.

[2020-04-30 11:15:45 #5 type] 
Type domain.User is not enhanced.

[2020-04-30 11:15:45 #6 type] 
Type domain.Kuota is not enhanced.

[2020-04-30 11:15:45 #7 type] 
Type domain.Registered is not enhanced.

[2020-04-30 11:15:45 #8 type] 
Type domain.Mugimendua is not enhanced.

[2020-04-30 11:15:45 #9 type] 
Type domain.MoneyTrans is not enhanced.

[2020-04-30 11:15:45 #10 type] 
Type domain.Apustua is not enhanced.

[2020-04-30 11:15:45 #11 type] 
Type domain.Admin is not enhanced.

------------------------------------------------------------------------------------------------------------------------

[2020-04-30 11:20:12 #1 store] 
Database 'C:\Users\julen\git\Bets2020Iter2\Bets2020\src\main\resources\bets.temp' is opened by 2804@DESKTOP-VQ96A8O

[2020-04-30 11:20:12 #2 type] 
Type domain.Question is not enhanced.

[2020-04-30 11:20:12 #3 type] 
Type domain.Event is not enhanced.

[2020-04-30 11:20:12 #4 type] 
Type domain.User is not enhanced.

[2020-04-30 11:20:12 #5 type] 
Type domain.Kuota is not enhanced.

[2020-04-30 11:20:12 #6 type] 
Type domain.Registered is not enhanced.

[2020-04-30 11:20:12 #7 type] 
Type domain.Mugimendua is not enhanced.

[2020-04-30 11:20:12 #8 type] 
Type domain.MoneyTrans is not enhanced.

[2020-04-30 11:20:12 #9 type] 
Type domain.Apustua is not enhanced.

[2020-04-30 11:20:12 #10 type] 
Type domain.Admin is not enhanced.

------------------------------------------------------------------------------------------------------------------------

[2020-04-30 11:20:23 #1 store] 
Database 'C:\Users\julen\git\Bets2020Iter2\Bets2020\src\main\resources\bets.temp' is opened by 28688@DESKTOP-VQ96A8O

[2020-04-30 11:20:23 #2 type] 
Type domain.Question is not enhanced.

[2020-04-30 11:20:23 #3 type] 
Type domain.Event is not enhanced.

[2020-04-30 11:20:23 #4 type] 
Type domain.User is not enhanced.

[2020-04-30 11:20:23 #5 type] 
Type domain.Kuota is not enhanced.

[2020-04-30 11:20:23 #6 type] 
Type domain.Registered is not enhanced.

[2020-04-30 11:20:23 #7 type] 
Type domain.Mugimendua is not enhanced.

[2020-04-30 11:20:23 #8 type] 
Type domain.MoneyTrans is not enhanced.

[2020-04-30 11:20:23 #9 type] 
Type domain.Apustua is not enhanced.

[2020-04-30 11:20:23 #10 type] 
Type domain.Admin is not enhanced.

------------------------------------------------------------------------------------------------------------------------

[2020-04-30 11:23:20 #1 store] 
Database 'C:\Users\julen\git\Bets2020Iter2\Bets2020\src\main\resources\bets.temp' is opened by 17544@DESKTOP-VQ96A8O

[2020-04-30 11:23:20 #2 type] 
Type domain.Question is not enhanced.

[2020-04-30 11:23:20 #3 type] 
Type domain.Event is not enhanced.

[2020-04-30 11:23:20 #4 type] 
Type domain.User is not enhanced.

[2020-04-30 11:23:20 #5 type] 
Type domain.Kuota is not enhanced.

[2020-04-30 11:23:20 #6 type] 
Type domain.Registered is not enhanced.

[2020-04-30 11:23:20 #7 type] 
Type domain.Mugimendua is not enhanced.

[2020-04-30 11:23:20 #8 type] 
Type domain.MoneyTrans is not enhanced.

[2020-04-30 11:23:20 #9 type] 
Type domain.Apustua is not enhanced.

[2020-04-30 11:23:20 #10 type] 
Type domain.Admin is not enhanced.

------------------------------------------------------------------------------------------------------------------------

[2020-04-30 12:19:56 #1 store] 
Database 'C:\Users\julen\git\Bets2020Iter2\Bets2020\src\main\resources\bets.temp' is opened by 21988@DESKTOP-VQ96A8O

[2020-04-30 12:19:56 #2 type] 
Type domain.Question is not enhanced.

[2020-04-30 12:19:56 #3 type] 
Type domain.Event is not enhanced.

[2020-04-30 12:19:56 #4 type] 
Type domain.User is not enhanced.

[2020-04-30 12:19:56 #5 type] 
Type domain.Kuota is not enhanced.

[2020-04-30 12:19:56 #6 type] 
Type domain.Registered is not enhanced.

[2020-04-30 12:19:56 #7 type] 
Type domain.Mugimendua is not enhanced.

[2020-04-30 12:19:56 #8 type] 
Type domain.MoneyTrans is not enhanced.

[2020-04-30 12:19:56 #9 type] 
Type domain.Apustua is not enhanced.

[2020-04-30 12:19:56 #10 type] 
Type domain.Admin is not enhanced.

