------------------------------------------------------------------------------------------------------------------------

[2020-04-24 09:38:01 #1 store] 
Database 'C:\Users\julen\git\Bets2020Iter2\Bets2020\src\main\resources\bets.temp' has been recovered (tr. 750-751)

[2020-04-24 09:38:01 #2 store] 
Database 'C:\Users\julen\git\Bets2020Iter2\Bets2020\src\main\resources\bets.temp' is opened by 8380@DESKTOP-VQ96A8O

[2020-04-24 09:38:01 #3 type] 
Type domain.Question is not enhanced.

[2020-04-24 09:38:01 #4 type] 
Type domain.Event is not enhanced.

[2020-04-24 09:38:01 #5 type] 
Type domain.User is not enhanced.

[2020-04-24 09:38:01 #6 type] 
Type domain.Kuota is not enhanced.

[2020-04-24 09:38:01 #7 type] 
Type domain.Registered is not enhanced.

[2020-04-24 09:38:01 #8 type] 
Type domain.Mugimendua is not enhanced.

[2020-04-24 09:38:01 #9 type] 
Type domain.MoneyTrans is not enhanced.

[2020-04-24 09:38:01 #10 type] 
Type domain.Apustua is not enhanced.

[2020-04-24 09:38:01 #11 type] 
Type domain.Admin is not enhanced.

------------------------------------------------------------------------------------------------------------------------

[2020-04-24 09:38:42 #1 store] 
Database 'C:\Users\julen\git\Bets2020Iter2\Bets2020\src\main\resources\bets.temp' is opened by 4736@DESKTOP-VQ96A8O

[2020-04-24 09:38:42 #2 type] 
Type domain.Question is not enhanced.

[2020-04-24 09:38:42 #3 type] 
Type domain.Event is not enhanced.

[2020-04-24 09:38:42 #4 type] 
Type domain.User is not enhanced.

[2020-04-24 09:38:42 #5 type] 
Type domain.Kuota is not enhanced.

[2020-04-24 09:38:42 #6 type] 
Type domain.Registered is not enhanced.

[2020-04-24 09:38:42 #7 type] 
Type domain.Mugimendua is not enhanced.

[2020-04-24 09:38:42 #8 type] 
Type domain.MoneyTrans is not enhanced.

[2020-04-24 09:38:42 #9 type] 
Type domain.Apustua is not enhanced.

[2020-04-24 09:38:42 #10 type] 
Type domain.Admin is not enhanced.

------------------------------------------------------------------------------------------------------------------------

[2020-04-24 09:46:22 #1 store] 
Database 'C:\Users\julen\git\Bets2020Iter2\Bets2020\src\main\resources\bets.temp' has been recovered (tr. 752-752)

[2020-04-24 09:46:22 #2 store] 
Database 'C:\Users\julen\git\Bets2020Iter2\Bets2020\src\main\resources\bets.temp' is opened by 17196@DESKTOP-VQ96A8O

[2020-04-24 09:46:22 #3 type] 
Type domain.Question is not enhanced.

[2020-04-24 09:46:22 #4 type] 
Type domain.Event is not enhanced.

[2020-04-24 09:46:22 #5 type] 
Type domain.User is not enhanced.

[2020-04-24 09:46:22 #6 type] 
Type domain.Kuota is not enhanced.

[2020-04-24 09:46:22 #7 type] 
Type domain.Registered is not enhanced.

[2020-04-24 09:46:22 #8 type] 
Type domain.Mugimendua is not enhanced.

[2020-04-24 09:46:22 #9 type] 
Type domain.MoneyTrans is not enhanced.

[2020-04-24 09:46:22 #10 type] 
Type domain.Apustua is not enhanced.

[2020-04-24 09:46:22 #11 type] 
Type domain.Admin is not enhanced.

------------------------------------------------------------------------------------------------------------------------

[2020-04-24 10:09:09 #1 store] 
Database 'C:\Users\julen\git\Bets2020Iter2\Bets2020\src\main\resources\bets.temp' is opened by 12412@DESKTOP-VQ96A8O

[2020-04-24 10:09:09 #2 type] 
Type domain.Question is not enhanced.

[2020-04-24 10:09:09 #3 type] 
Type domain.Event is not enhanced.

[2020-04-24 10:09:09 #4 type] 
Type domain.User is not enhanced.

[2020-04-24 10:09:09 #5 type] 
Type domain.Kuota is not enhanced.

[2020-04-24 10:09:09 #6 type] 
Type domain.Registered is not enhanced.

[2020-04-24 10:09:09 #7 type] 
Type domain.Mugimendua is not enhanced.

[2020-04-24 10:09:09 #8 type] 
Type domain.MoneyTrans is not enhanced.

[2020-04-24 10:09:09 #9 type] 
Type domain.Apustua is not enhanced.

[2020-04-24 10:09:09 #10 type] 
Type domain.Admin is not enhanced.

------------------------------------------------------------------------------------------------------------------------

[2020-04-24 10:09:36 #1 store] 
Database 'C:\Users\julen\git\Bets2020Iter2\Bets2020\src\main\resources\bets.temp' has been recovered (tr. 753-755)

[2020-04-24 10:09:36 #2 store] 
Database 'C:\Users\julen\git\Bets2020Iter2\Bets2020\src\main\resources\bets.temp' is opened by 1428@DESKTOP-VQ96A8O

[2020-04-24 10:09:36 #3 type] 
Type domain.Question is not enhanced.

[2020-04-24 10:09:36 #4 type] 
Type domain.Event is not enhanced.

[2020-04-24 10:09:36 #5 type] 
Type domain.User is not enhanced.

[2020-04-24 10:09:36 #6 type] 
Type domain.Kuota is not enhanced.

[2020-04-24 10:09:36 #7 type] 
Type domain.Registered is not enhanced.

[2020-04-24 10:09:36 #8 type] 
Type domain.Mugimendua is not enhanced.

[2020-04-24 10:09:36 #9 type] 
Type domain.MoneyTrans is not enhanced.

[2020-04-24 10:09:36 #10 type] 
Type domain.Apustua is not enhanced.

[2020-04-24 10:09:36 #11 type] 
Type domain.Admin is not enhanced.

------------------------------------------------------------------------------------------------------------------------

[2020-04-24 10:09:57 #1 store] 
Database 'C:\Users\julen\git\Bets2020Iter2\Bets2020\src\main\resources\bets.temp' has been recovered (tr. 756-756)

[2020-04-24 10:09:57 #2 store] 
Database 'C:\Users\julen\git\Bets2020Iter2\Bets2020\src\main\resources\bets.temp' is opened by 11364@DESKTOP-VQ96A8O

[2020-04-24 10:09:57 #3 type] 
Type domain.Question is not enhanced.

[2020-04-24 10:09:57 #4 type] 
Type domain.Event is not enhanced.

[2020-04-24 10:09:57 #5 type] 
Type domain.User is not enhanced.

[2020-04-24 10:09:57 #6 type] 
Type domain.Kuota is not enhanced.

[2020-04-24 10:09:57 #7 type] 
Type domain.Registered is not enhanced.

[2020-04-24 10:09:57 #8 type] 
Type domain.Mugimendua is not enhanced.

[2020-04-24 10:09:57 #9 type] 
Type domain.MoneyTrans is not enhanced.

[2020-04-24 10:09:57 #10 type] 
Type domain.Apustua is not enhanced.

[2020-04-24 10:09:57 #11 type] 
Type domain.Admin is not enhanced.

------------------------------------------------------------------------------------------------------------------------

[2020-04-24 10:11:04 #1 store] 
Database 'C:\Users\julen\git\Bets2020Iter2\Bets2020\src\main\resources\bets.temp' has been recovered (tr. 757-760)

[2020-04-24 10:11:04 #2 store] 
Database 'C:\Users\julen\git\Bets2020Iter2\Bets2020\src\main\resources\bets.temp' is opened by 8668@DESKTOP-VQ96A8O

[2020-04-24 10:11:04 #3 type] 
Type domain.Question is not enhanced.

[2020-04-24 10:11:04 #4 type] 
Type domain.Event is not enhanced.

[2020-04-24 10:11:04 #5 type] 
Type domain.User is not enhanced.

[2020-04-24 10:11:04 #6 type] 
Type domain.Kuota is not enhanced.

[2020-04-24 10:11:04 #7 type] 
Type domain.Registered is not enhanced.

[2020-04-24 10:11:04 #8 type] 
Type domain.Mugimendua is not enhanced.

[2020-04-24 10:11:04 #9 type] 
Type domain.MoneyTrans is not enhanced.

[2020-04-24 10:11:04 #10 type] 
Type domain.Apustua is not enhanced.

[2020-04-24 10:11:04 #11 type] 
Type domain.Admin is not enhanced.

------------------------------------------------------------------------------------------------------------------------

[2020-04-24 10:11:46 #1 store] 
Database 'C:\Users\julen\git\Bets2020Iter2\Bets2020\src\main\resources\bets.temp' is opened by 19020@DESKTOP-VQ96A8O

[2020-04-24 10:11:46 #2 type] 
Type domain.Question is not enhanced.

[2020-04-24 10:11:46 #3 type] 
Type domain.Event is not enhanced.

[2020-04-24 10:11:46 #4 type] 
Type domain.User is not enhanced.

[2020-04-24 10:11:46 #5 type] 
Type domain.Kuota is not enhanced.

[2020-04-24 10:11:46 #6 type] 
Type domain.Registered is not enhanced.

[2020-04-24 10:11:46 #7 type] 
Type domain.Mugimendua is not enhanced.

[2020-04-24 10:11:46 #8 type] 
Type domain.MoneyTrans is not enhanced.

[2020-04-24 10:11:46 #9 type] 
Type domain.Apustua is not enhanced.

[2020-04-24 10:11:46 #10 type] 
Type domain.Admin is not enhanced.

------------------------------------------------------------------------------------------------------------------------

[2020-04-24 10:12:17 #1 store] 
Database 'C:\Users\julen\git\Bets2020Iter2\Bets2020\src\main\resources\bets.temp' has been recovered (tr. 761-761)

[2020-04-24 10:12:17 #2 store] 
Database 'C:\Users\julen\git\Bets2020Iter2\Bets2020\src\main\resources\bets.temp' is opened by 19172@DESKTOP-VQ96A8O

[2020-04-24 10:12:18 #3 type] 
Type domain.Question is not enhanced.

[2020-04-24 10:12:18 #4 type] 
Type domain.Event is not enhanced.

[2020-04-24 10:12:18 #5 type] 
Type domain.User is not enhanced.

[2020-04-24 10:12:18 #6 type] 
Type domain.Kuota is not enhanced.

[2020-04-24 10:12:18 #7 type] 
Type domain.Registered is not enhanced.

[2020-04-24 10:12:18 #8 type] 
Type domain.Mugimendua is not enhanced.

[2020-04-24 10:12:18 #9 type] 
Type domain.MoneyTrans is not enhanced.

[2020-04-24 10:12:18 #10 type] 
Type domain.Apustua is not enhanced.

[2020-04-24 10:12:18 #11 type] 
Type domain.Admin is not enhanced.

------------------------------------------------------------------------------------------------------------------------

[2020-04-24 10:12:34 #1 store] 
Database 'C:\Users\julen\git\Bets2020Iter2\Bets2020\src\main\resources\bets.temp' has been recovered (tr. 762-762)

[2020-04-24 10:12:34 #2 store] 
Database 'C:\Users\julen\git\Bets2020Iter2\Bets2020\src\main\resources\bets.temp' is opened by 1652@DESKTOP-VQ96A8O

[2020-04-24 10:12:34 #3 type] 
Type domain.Question is not enhanced.

[2020-04-24 10:12:34 #4 type] 
Type domain.Event is not enhanced.

[2020-04-24 10:12:34 #5 type] 
Type domain.User is not enhanced.

[2020-04-24 10:12:34 #6 type] 
Type domain.Kuota is not enhanced.

[2020-04-24 10:12:34 #7 type] 
Type domain.Registered is not enhanced.

[2020-04-24 10:12:34 #8 type] 
Type domain.Mugimendua is not enhanced.

[2020-04-24 10:12:34 #9 type] 
Type domain.MoneyTrans is not enhanced.

[2020-04-24 10:12:34 #10 type] 
Type domain.Apustua is not enhanced.

[2020-04-24 10:12:34 #11 type] 
Type domain.Admin is not enhanced.

------------------------------------------------------------------------------------------------------------------------

[2020-04-24 10:13:22 #1 store] 
Database 'C:\Users\julen\git\Bets2020Iter2\Bets2020\src\main\resources\bets.temp' has been recovered (tr. 763-764)

[2020-04-24 10:13:22 #2 store] 
Database 'C:\Users\julen\git\Bets2020Iter2\Bets2020\src\main\resources\bets.temp' is opened by 14508@DESKTOP-VQ96A8O

[2020-04-24 10:13:22 #3 type] 
Type domain.Question is not enhanced.

[2020-04-24 10:13:22 #4 type] 
Type domain.Event is not enhanced.

[2020-04-24 10:13:22 #5 type] 
Type domain.User is not enhanced.

[2020-04-24 10:13:22 #6 type] 
Type domain.Kuota is not enhanced.

[2020-04-24 10:13:22 #7 type] 
Type domain.Registered is not enhanced.

[2020-04-24 10:13:22 #8 type] 
Type domain.Mugimendua is not enhanced.

[2020-04-24 10:13:22 #9 type] 
Type domain.MoneyTrans is not enhanced.

[2020-04-24 10:13:22 #10 type] 
Type domain.Apustua is not enhanced.

[2020-04-24 10:13:22 #11 type] 
Type domain.Admin is not enhanced.

------------------------------------------------------------------------------------------------------------------------

[2020-04-24 10:14:38 #1 store] 
Database 'C:\Users\julen\git\Bets2020Iter2\Bets2020\src\main\resources\bets.temp' has been recovered (tr. 765-765)

[2020-04-24 10:14:38 #2 store] 
Database 'C:\Users\julen\git\Bets2020Iter2\Bets2020\src\main\resources\bets.temp' is opened by 17012@DESKTOP-VQ96A8O

[2020-04-24 10:14:38 #3 type] 
Type domain.Question is not enhanced.

[2020-04-24 10:14:38 #4 type] 
Type domain.Event is not enhanced.

[2020-04-24 10:14:38 #5 type] 
Type domain.User is not enhanced.

[2020-04-24 10:14:38 #6 type] 
Type domain.Kuota is not enhanced.

[2020-04-24 10:14:38 #7 type] 
Type domain.Registered is not enhanced.

[2020-04-24 10:14:38 #8 type] 
Type domain.Mugimendua is not enhanced.

[2020-04-24 10:14:38 #9 type] 
Type domain.MoneyTrans is not enhanced.

[2020-04-24 10:14:38 #10 type] 
Type domain.Apustua is not enhanced.

[2020-04-24 10:14:38 #11 type] 
Type domain.Admin is not enhanced.

------------------------------------------------------------------------------------------------------------------------

[2020-04-24 10:15:12 #1 store] 
Database 'C:\Users\julen\git\Bets2020Iter2\Bets2020\src\main\resources\bets.temp' has been recovered (tr. 766-768)

[2020-04-24 10:15:12 #2 store] 
Database 'C:\Users\julen\git\Bets2020Iter2\Bets2020\src\main\resources\bets.temp' is opened by 19184@DESKTOP-VQ96A8O

[2020-04-24 10:15:12 #3 type] 
Type domain.Question is not enhanced.

[2020-04-24 10:15:12 #4 type] 
Type domain.Event is not enhanced.

[2020-04-24 10:15:12 #5 type] 
Type domain.User is not enhanced.

[2020-04-24 10:15:12 #6 type] 
Type domain.Kuota is not enhanced.

[2020-04-24 10:15:12 #7 type] 
Type domain.Registered is not enhanced.

[2020-04-24 10:15:12 #8 type] 
Type domain.Mugimendua is not enhanced.

[2020-04-24 10:15:12 #9 type] 
Type domain.MoneyTrans is not enhanced.

[2020-04-24 10:15:12 #10 type] 
Type domain.Apustua is not enhanced.

[2020-04-24 10:15:12 #11 type] 
Type domain.Admin is not enhanced.

------------------------------------------------------------------------------------------------------------------------

[2020-04-24 10:18:55 #1 store] 
Database 'C:\Users\julen\git\Bets2020Iter2\Bets2020\src\main\resources\bets.temp' is opened by 5480@DESKTOP-VQ96A8O

[2020-04-24 10:18:55 #2 type] 
Type domain.Question is not enhanced.

[2020-04-24 10:18:55 #3 type] 
Type domain.Event is not enhanced.

[2020-04-24 10:18:55 #4 type] 
Type domain.User is not enhanced.

[2020-04-24 10:18:55 #5 type] 
Type domain.Kuota is not enhanced.

[2020-04-24 10:18:55 #6 type] 
Type domain.Registered is not enhanced.

[2020-04-24 10:18:55 #7 type] 
Type domain.Mugimendua is not enhanced.

[2020-04-24 10:18:55 #8 type] 
Type domain.MoneyTrans is not enhanced.

[2020-04-24 10:18:55 #9 type] 
Type domain.Apustua is not enhanced.

[2020-04-24 10:18:55 #10 type] 
Type domain.Admin is not enhanced.

------------------------------------------------------------------------------------------------------------------------

[2020-04-24 10:21:21 #1 store] 
Database 'C:\Users\julen\git\Bets2020Iter2\Bets2020\src\main\resources\bets.temp' is opened by 15840@DESKTOP-VQ96A8O

[2020-04-24 10:21:22 #2 type] 
Type domain.Question is not enhanced.

[2020-04-24 10:21:22 #3 type] 
Type domain.Event is not enhanced.

[2020-04-24 10:21:22 #4 type] 
Type domain.User is not enhanced.

[2020-04-24 10:21:22 #5 type] 
Type domain.Kuota is not enhanced.

[2020-04-24 10:21:22 #6 type] 
Type domain.Registered is not enhanced.

[2020-04-24 10:21:22 #7 type] 
Type domain.Mugimendua is not enhanced.

[2020-04-24 10:21:22 #8 type] 
Type domain.MoneyTrans is not enhanced.

[2020-04-24 10:21:22 #9 type] 
Type domain.Apustua is not enhanced.

[2020-04-24 10:21:22 #10 type] 
Type domain.Admin is not enhanced.

------------------------------------------------------------------------------------------------------------------------

[2020-04-24 10:21:45 #1 store] 
Database 'C:\Users\julen\git\Bets2020Iter2\Bets2020\src\main\resources\bets.temp' is opened by 18008@DESKTOP-VQ96A8O

[2020-04-24 10:21:45 #2 type] 
Type domain.Question is not enhanced.

[2020-04-24 10:21:45 #3 type] 
Type domain.Event is not enhanced.

[2020-04-24 10:21:45 #4 type] 
Type domain.User is not enhanced.

[2020-04-24 10:21:45 #5 type] 
Type domain.Kuota is not enhanced.

[2020-04-24 10:21:45 #6 type] 
Type domain.Registered is not enhanced.

[2020-04-24 10:21:45 #7 type] 
Type domain.Mugimendua is not enhanced.

[2020-04-24 10:21:45 #8 type] 
Type domain.MoneyTrans is not enhanced.

[2020-04-24 10:21:45 #9 type] 
Type domain.Apustua is not enhanced.

[2020-04-24 10:21:45 #10 type] 
Type domain.Admin is not enhanced.

------------------------------------------------------------------------------------------------------------------------

[2020-04-24 10:25:08 #1 store] 
Database 'C:\Users\julen\git\Bets2020Iter2\Bets2020\src\main\resources\bets.temp' is opened by 12032@DESKTOP-VQ96A8O

[2020-04-24 10:25:08 #2 type] 
Type domain.Question is not enhanced.

[2020-04-24 10:25:08 #3 type] 
Type domain.Event is not enhanced.

[2020-04-24 10:25:08 #4 type] 
Type domain.User is not enhanced.

[2020-04-24 10:25:08 #5 type] 
Type domain.Kuota is not enhanced.

[2020-04-24 10:25:08 #6 type] 
Type domain.Registered is not enhanced.

[2020-04-24 10:25:08 #7 type] 
Type domain.Mugimendua is not enhanced.

[2020-04-24 10:25:08 #8 type] 
Type domain.MoneyTrans is not enhanced.

[2020-04-24 10:25:08 #9 type] 
Type domain.Apustua is not enhanced.

[2020-04-24 10:25:08 #10 type] 
Type domain.Admin is not enhanced.

------------------------------------------------------------------------------------------------------------------------

[2020-04-24 10:31:49 #1 store] 
Database 'C:\Users\julen\git\Bets2020Iter2\Bets2020\src\main\resources\bets.temp' is opened by 10672@DESKTOP-VQ96A8O

[2020-04-24 10:31:50 #2 type] 
Type domain.Question is not enhanced.

[2020-04-24 10:31:50 #3 type] 
Type domain.Event is not enhanced.

[2020-04-24 10:31:50 #4 type] 
Type domain.User is not enhanced.

[2020-04-24 10:31:50 #5 type] 
Type domain.Kuota is not enhanced.

[2020-04-24 10:31:50 #6 type] 
Type domain.Registered is not enhanced.

[2020-04-24 10:31:50 #7 type] 
Type domain.Mugimendua is not enhanced.

[2020-04-24 10:31:50 #8 type] 
Type domain.MoneyTrans is not enhanced.

[2020-04-24 10:31:50 #9 type] 
Type domain.Apustua is not enhanced.

[2020-04-24 10:31:50 #10 type] 
Type domain.Admin is not enhanced.

------------------------------------------------------------------------------------------------------------------------

[2020-04-24 10:32:04 #1 store] 
Database 'C:\Users\julen\git\Bets2020Iter2\Bets2020\src\main\resources\bets.temp' has been recovered (tr. 769-769)

[2020-04-24 10:32:04 #2 store] 
Database 'C:\Users\julen\git\Bets2020Iter2\Bets2020\src\main\resources\bets.temp' is opened by 13916@DESKTOP-VQ96A8O

[2020-04-24 10:32:05 #3 type] 
Type domain.Question is not enhanced.

[2020-04-24 10:32:05 #4 type] 
Type domain.Event is not enhanced.

[2020-04-24 10:32:05 #5 type] 
Type domain.User is not enhanced.

[2020-04-24 10:32:05 #6 type] 
Type domain.Kuota is not enhanced.

[2020-04-24 10:32:05 #7 type] 
Type domain.Registered is not enhanced.

[2020-04-24 10:32:05 #8 type] 
Type domain.Mugimendua is not enhanced.

[2020-04-24 10:32:05 #9 type] 
Type domain.MoneyTrans is not enhanced.

[2020-04-24 10:32:05 #10 type] 
Type domain.Apustua is not enhanced.

[2020-04-24 10:32:05 #11 type] 
Type domain.Admin is not enhanced.

------------------------------------------------------------------------------------------------------------------------

[2020-04-24 10:32:17 #1 store] 
Database 'C:\Users\julen\git\Bets2020Iter2\Bets2020\src\main\resources\bets.temp' is opened by 14040@DESKTOP-VQ96A8O

[2020-04-24 10:32:17 #2 type] 
Type domain.Question is not enhanced.

[2020-04-24 10:32:17 #3 type] 
Type domain.Event is not enhanced.

[2020-04-24 10:32:17 #4 type] 
Type domain.User is not enhanced.

[2020-04-24 10:32:17 #5 type] 
Type domain.Kuota is not enhanced.

[2020-04-24 10:32:17 #6 type] 
Type domain.Registered is not enhanced.

[2020-04-24 10:32:17 #7 type] 
Type domain.Mugimendua is not enhanced.

[2020-04-24 10:32:17 #8 type] 
Type domain.MoneyTrans is not enhanced.

[2020-04-24 10:32:17 #9 type] 
Type domain.Apustua is not enhanced.

[2020-04-24 10:32:17 #10 type] 
Type domain.Admin is not enhanced.

------------------------------------------------------------------------------------------------------------------------

[2020-04-24 10:52:12 #1 store] 
Database 'C:\Users\julen\git\Bets2020Iter2\Bets2020\src\main\resources\bets.temp' is opened by 14804@DESKTOP-VQ96A8O

[2020-04-24 10:52:12 #2 type] 
Type domain.Question is not enhanced.

[2020-04-24 10:52:12 #3 type] 
Type domain.Event is not enhanced.

[2020-04-24 10:52:12 #4 type] 
Type domain.User is not enhanced.

[2020-04-24 10:52:12 #5 type] 
Type domain.Kuota is not enhanced.

[2020-04-24 10:52:12 #6 type] 
Type domain.Registered is not enhanced.

[2020-04-24 10:52:12 #7 type] 
Type domain.Mugimendua is not enhanced.

[2020-04-24 10:52:12 #8 type] 
Type domain.MoneyTrans is not enhanced.

[2020-04-24 10:52:12 #9 type] 
Type domain.Apustua is not enhanced.

[2020-04-24 10:52:12 #10 type] 
Type domain.Admin is not enhanced.

------------------------------------------------------------------------------------------------------------------------

[2020-04-24 10:53:28 #1 store] 
Database 'C:\Users\julen\git\Bets2020Iter2\Bets2020\src\main\resources\bets.temp' is opened by 8948@DESKTOP-VQ96A8O

[2020-04-24 10:53:28 #2 type] 
Type domain.Question is not enhanced.

[2020-04-24 10:53:28 #3 type] 
Type domain.Event is not enhanced.

[2020-04-24 10:53:28 #4 type] 
Type domain.User is not enhanced.

[2020-04-24 10:53:28 #5 type] 
Type domain.Kuota is not enhanced.

[2020-04-24 10:53:28 #6 type] 
Type domain.Registered is not enhanced.

[2020-04-24 10:53:28 #7 type] 
Type domain.Mugimendua is not enhanced.

[2020-04-24 10:53:28 #8 type] 
Type domain.MoneyTrans is not enhanced.

[2020-04-24 10:53:28 #9 type] 
Type domain.Apustua is not enhanced.

[2020-04-24 10:53:28 #10 type] 
Type domain.Admin is not enhanced.

------------------------------------------------------------------------------------------------------------------------

[2020-04-24 10:54:45 #1 store] 
Database 'C:\Users\julen\git\Bets2020Iter2\Bets2020\src\main\resources\bets.temp' is opened by 19000@DESKTOP-VQ96A8O

[2020-04-24 10:54:45 #2 type] 
Type domain.Question is not enhanced.

[2020-04-24 10:54:45 #3 type] 
Type domain.Event is not enhanced.

[2020-04-24 10:54:45 #4 type] 
Type domain.User is not enhanced.

[2020-04-24 10:54:45 #5 type] 
Type domain.Kuota is not enhanced.

[2020-04-24 10:54:45 #6 type] 
Type domain.Registered is not enhanced.

[2020-04-24 10:54:45 #7 type] 
Type domain.Mugimendua is not enhanced.

[2020-04-24 10:54:45 #8 type] 
Type domain.MoneyTrans is not enhanced.

[2020-04-24 10:54:45 #9 type] 
Type domain.Apustua is not enhanced.

[2020-04-24 10:54:45 #10 type] 
Type domain.Admin is not enhanced.

------------------------------------------------------------------------------------------------------------------------

[2020-04-24 10:55:02 #1 store] 
Database 'C:\Users\julen\git\Bets2020Iter2\Bets2020\src\main\resources\bets.temp' has been recovered (tr. 770-770)

[2020-04-24 10:55:02 #2 store] 
Database 'C:\Users\julen\git\Bets2020Iter2\Bets2020\src\main\resources\bets.temp' is opened by 15900@DESKTOP-VQ96A8O

[2020-04-24 10:55:02 #3 type] 
Type domain.Question is not enhanced.

[2020-04-24 10:55:02 #4 type] 
Type domain.Event is not enhanced.

[2020-04-24 10:55:02 #5 type] 
Type domain.User is not enhanced.

[2020-04-24 10:55:02 #6 type] 
Type domain.Kuota is not enhanced.

[2020-04-24 10:55:02 #7 type] 
Type domain.Registered is not enhanced.

[2020-04-24 10:55:02 #8 type] 
Type domain.Mugimendua is not enhanced.

[2020-04-24 10:55:02 #9 type] 
Type domain.MoneyTrans is not enhanced.

[2020-04-24 10:55:02 #10 type] 
Type domain.Apustua is not enhanced.

[2020-04-24 10:55:02 #11 type] 
Type domain.Admin is not enhanced.

------------------------------------------------------------------------------------------------------------------------

[2020-04-24 11:03:41 #1 store] 
Database 'C:\Users\julen\git\Bets2020Iter2\Bets2020\src\main\resources\bets.temp' is opened by 8712@DESKTOP-VQ96A8O

[2020-04-24 11:03:41 #2 type] 
Type domain.Question is not enhanced.

[2020-04-24 11:03:41 #3 type] 
Type domain.Event is not enhanced.

[2020-04-24 11:03:41 #4 type] 
Type domain.User is not enhanced.

[2020-04-24 11:03:41 #5 type] 
Type domain.Kuota is not enhanced.

[2020-04-24 11:03:41 #6 type] 
Type domain.Registered is not enhanced.

[2020-04-24 11:03:41 #7 type] 
Type domain.Mugimendua is not enhanced.

[2020-04-24 11:03:41 #8 type] 
Type domain.MoneyTrans is not enhanced.

[2020-04-24 11:03:41 #9 type] 
Type domain.Apustua is not enhanced.

[2020-04-24 11:03:41 #10 type] 
Type domain.Admin is not enhanced.

------------------------------------------------------------------------------------------------------------------------

[2020-04-24 11:04:07 #1 store] 
Database 'C:\Users\julen\git\Bets2020Iter2\Bets2020\src\main\resources\bets.temp' has been recovered (tr. 832-833)

[2020-04-24 11:04:07 #2 store] 
Database 'C:\Users\julen\git\Bets2020Iter2\Bets2020\src\main\resources\bets.temp' is opened by 9256@DESKTOP-VQ96A8O

[2020-04-24 11:04:07 #3 type] 
Type domain.Question is not enhanced.

[2020-04-24 11:04:07 #4 type] 
Type domain.Event is not enhanced.

[2020-04-24 11:04:07 #5 type] 
Type domain.User is not enhanced.

[2020-04-24 11:04:07 #6 type] 
Type domain.Kuota is not enhanced.

[2020-04-24 11:04:07 #7 type] 
Type domain.Registered is not enhanced.

[2020-04-24 11:04:07 #8 type] 
Type domain.Mugimendua is not enhanced.

[2020-04-24 11:04:07 #9 type] 
Type domain.MoneyTrans is not enhanced.

[2020-04-24 11:04:07 #10 type] 
Type domain.Apustua is not enhanced.

[2020-04-24 11:04:07 #11 type] 
Type domain.Admin is not enhanced.

------------------------------------------------------------------------------------------------------------------------

[2020-04-24 11:07:11 #1 store] 
Database 'C:\Users\julen\git\Bets2020Iter2\Bets2020\src\main\resources\bets.temp' is opened by 10440@DESKTOP-VQ96A8O

[2020-04-24 11:07:11 #2 type] 
Type domain.Question is not enhanced.

[2020-04-24 11:07:11 #3 type] 
Type domain.Event is not enhanced.

[2020-04-24 11:07:11 #4 type] 
Type domain.User is not enhanced.

[2020-04-24 11:07:11 #5 type] 
Type domain.Kuota is not enhanced.

[2020-04-24 11:07:11 #6 type] 
Type domain.Registered is not enhanced.

[2020-04-24 11:07:11 #7 type] 
Type domain.Mugimendua is not enhanced.

[2020-04-24 11:07:11 #8 type] 
Type domain.MoneyTrans is not enhanced.

[2020-04-24 11:07:11 #9 type] 
Type domain.Apustua is not enhanced.

[2020-04-24 11:07:11 #10 type] 
Type domain.Admin is not enhanced.

------------------------------------------------------------------------------------------------------------------------

[2020-04-24 11:07:19 #1 store] 
Database 'C:\Users\julen\git\Bets2020Iter2\Bets2020\src\main\resources\bets.temp' is opened by 3088@DESKTOP-VQ96A8O

[2020-04-24 11:07:19 #2 type] 
Type domain.Question is not enhanced.

[2020-04-24 11:07:19 #3 type] 
Type domain.Event is not enhanced.

[2020-04-24 11:07:19 #4 type] 
Type domain.User is not enhanced.

[2020-04-24 11:07:19 #5 type] 
Type domain.Kuota is not enhanced.

[2020-04-24 11:07:19 #6 type] 
Type domain.Registered is not enhanced.

[2020-04-24 11:07:19 #7 type] 
Type domain.Mugimendua is not enhanced.

[2020-04-24 11:07:19 #8 type] 
Type domain.MoneyTrans is not enhanced.

[2020-04-24 11:07:19 #9 type] 
Type domain.Apustua is not enhanced.

[2020-04-24 11:07:19 #10 type] 
Type domain.Admin is not enhanced.

------------------------------------------------------------------------------------------------------------------------

[2020-04-24 11:07:45 #1 store] 
Database 'C:\Users\julen\git\Bets2020Iter2\Bets2020\src\main\resources\bets.temp' is opened by 1328@DESKTOP-VQ96A8O

[2020-04-24 11:07:45 #2 type] 
Type domain.Question is not enhanced.

[2020-04-24 11:07:45 #3 type] 
Type domain.Event is not enhanced.

[2020-04-24 11:07:45 #4 type] 
Type domain.User is not enhanced.

[2020-04-24 11:07:45 #5 type] 
Type domain.Kuota is not enhanced.

[2020-04-24 11:07:45 #6 type] 
Type domain.Registered is not enhanced.

[2020-04-24 11:07:45 #7 type] 
Type domain.Mugimendua is not enhanced.

[2020-04-24 11:07:45 #8 type] 
Type domain.MoneyTrans is not enhanced.

[2020-04-24 11:07:45 #9 type] 
Type domain.Apustua is not enhanced.

[2020-04-24 11:07:45 #10 type] 
Type domain.Admin is not enhanced.

------------------------------------------------------------------------------------------------------------------------

[2020-04-24 11:08:38 #1 store] 
Database 'C:\Users\julen\git\Bets2020Iter2\Bets2020\src\main\resources\bets.temp' has been recovered (tr. 841-844)

[2020-04-24 11:08:39 #2 store] 
Database 'C:\Users\julen\git\Bets2020Iter2\Bets2020\src\main\resources\bets.temp' is opened by 9900@DESKTOP-VQ96A8O

[2020-04-24 11:08:39 #3 type] 
Type domain.Question is not enhanced.

[2020-04-24 11:08:39 #4 type] 
Type domain.Event is not enhanced.

[2020-04-24 11:08:39 #5 type] 
Type domain.User is not enhanced.

[2020-04-24 11:08:39 #6 type] 
Type domain.Kuota is not enhanced.

[2020-04-24 11:08:39 #7 type] 
Type domain.Registered is not enhanced.

[2020-04-24 11:08:39 #8 type] 
Type domain.Mugimendua is not enhanced.

[2020-04-24 11:08:39 #9 type] 
Type domain.MoneyTrans is not enhanced.

[2020-04-24 11:08:39 #10 type] 
Type domain.Apustua is not enhanced.

[2020-04-24 11:08:39 #11 type] 
Type domain.Admin is not enhanced.

------------------------------------------------------------------------------------------------------------------------

[2020-04-24 11:09:18 #1 store] 
Database 'C:\Users\julen\git\Bets2020Iter2\Bets2020\src\main\resources\bets.temp' has been recovered (tr. 845-846)

[2020-04-24 11:09:18 #2 store] 
Database 'C:\Users\julen\git\Bets2020Iter2\Bets2020\src\main\resources\bets.temp' is opened by 16744@DESKTOP-VQ96A8O

[2020-04-24 11:09:19 #3 type] 
Type domain.Question is not enhanced.

[2020-04-24 11:09:19 #4 type] 
Type domain.Event is not enhanced.

[2020-04-24 11:09:19 #5 type] 
Type domain.User is not enhanced.

[2020-04-24 11:09:19 #6 type] 
Type domain.Kuota is not enhanced.

[2020-04-24 11:09:19 #7 type] 
Type domain.Registered is not enhanced.

[2020-04-24 11:09:19 #8 type] 
Type domain.Mugimendua is not enhanced.

[2020-04-24 11:09:19 #9 type] 
Type domain.MoneyTrans is not enhanced.

[2020-04-24 11:09:19 #10 type] 
Type domain.Apustua is not enhanced.

[2020-04-24 11:09:19 #11 type] 
Type domain.Admin is not enhanced.

------------------------------------------------------------------------------------------------------------------------

[2020-04-24 11:12:51 #1 store] 
Database 'C:\Users\julen\git\Bets2020Iter2\Bets2020\src\main\resources\bets.temp' has been recovered (tr. 847-847)

[2020-04-24 11:12:51 #2 store] 
Database 'C:\Users\julen\git\Bets2020Iter2\Bets2020\src\main\resources\bets.temp' is opened by 8544@DESKTOP-VQ96A8O

[2020-04-24 11:12:51 #3 type] 
Type domain.Question is not enhanced.

[2020-04-24 11:12:51 #4 type] 
Type domain.Event is not enhanced.

[2020-04-24 11:12:51 #5 type] 
Type domain.User is not enhanced.

[2020-04-24 11:12:51 #6 type] 
Type domain.Kuota is not enhanced.

[2020-04-24 11:12:51 #7 type] 
Type domain.Registered is not enhanced.

[2020-04-24 11:12:51 #8 type] 
Type domain.Mugimendua is not enhanced.

[2020-04-24 11:12:51 #9 type] 
Type domain.MoneyTrans is not enhanced.

[2020-04-24 11:12:51 #10 type] 
Type domain.Apustua is not enhanced.

[2020-04-24 11:12:51 #11 type] 
Type domain.Admin is not enhanced.

------------------------------------------------------------------------------------------------------------------------

[2020-04-24 11:17:26 #1 store] 
Database 'C:\Users\julen\git\Bets2020Iter2\Bets2020\src\main\resources\bets.temp' is opened by 13252@DESKTOP-VQ96A8O

[2020-04-24 11:17:26 #2 type] 
Type domain.Question is not enhanced.

[2020-04-24 11:17:26 #3 type] 
Type domain.Event is not enhanced.

[2020-04-24 11:17:26 #4 type] 
Type domain.User is not enhanced.

[2020-04-24 11:17:26 #5 type] 
Type domain.Kuota is not enhanced.

[2020-04-24 11:17:26 #6 type] 
Type domain.Registered is not enhanced.

[2020-04-24 11:17:26 #7 type] 
Type domain.Mugimendua is not enhanced.

[2020-04-24 11:17:26 #8 type] 
Type domain.MoneyTrans is not enhanced.

[2020-04-24 11:17:26 #9 type] 
Type domain.Apustua is not enhanced.

[2020-04-24 11:17:26 #10 type] 
Type domain.Admin is not enhanced.

------------------------------------------------------------------------------------------------------------------------

[2020-04-24 11:20:10 #1 store] 
Database 'C:\Users\julen\git\Bets2020Iter2\Bets2020\src\main\resources\bets.temp' is opened by 9020@DESKTOP-VQ96A8O

[2020-04-24 11:20:10 #2 type] 
Type domain.Question is not enhanced.

[2020-04-24 11:20:10 #3 type] 
Type domain.Event is not enhanced.

[2020-04-24 11:20:10 #4 type] 
Type domain.User is not enhanced.

[2020-04-24 11:20:10 #5 type] 
Type domain.Kuota is not enhanced.

[2020-04-24 11:20:10 #6 type] 
Type domain.Registered is not enhanced.

[2020-04-24 11:20:10 #7 type] 
Type domain.Mugimendua is not enhanced.

[2020-04-24 11:20:10 #8 type] 
Type domain.MoneyTrans is not enhanced.

[2020-04-24 11:20:10 #9 type] 
Type domain.Apustua is not enhanced.

[2020-04-24 11:20:10 #10 type] 
Type domain.Admin is not enhanced.

------------------------------------------------------------------------------------------------------------------------

[2020-04-24 11:22:24 #1 store] 
Database 'C:\Users\julen\git\Bets2020Iter2\Bets2020\src\main\resources\bets.temp' is opened by 17072@DESKTOP-VQ96A8O

[2020-04-24 11:22:24 #2 type] 
Type domain.Question is not enhanced.

[2020-04-24 11:22:24 #3 type] 
Type domain.Event is not enhanced.

[2020-04-24 11:22:24 #4 type] 
Type domain.User is not enhanced.

[2020-04-24 11:22:24 #5 type] 
Type domain.Kuota is not enhanced.

[2020-04-24 11:22:24 #6 type] 
Type domain.Registered is not enhanced.

[2020-04-24 11:22:24 #7 type] 
Type domain.Mugimendua is not enhanced.

[2020-04-24 11:22:24 #8 type] 
Type domain.MoneyTrans is not enhanced.

[2020-04-24 11:22:24 #9 type] 
Type domain.Apustua is not enhanced.

[2020-04-24 11:22:24 #10 type] 
Type domain.Admin is not enhanced.

------------------------------------------------------------------------------------------------------------------------

[2020-04-24 11:23:38 #1 store] 
Database 'C:\Users\julen\git\Bets2020Iter2\Bets2020\src\main\resources\bets.temp' is opened by 15032@DESKTOP-VQ96A8O

[2020-04-24 11:23:38 #2 type] 
Type domain.Question is not enhanced.

[2020-04-24 11:23:38 #3 type] 
Type domain.Event is not enhanced.

[2020-04-24 11:23:38 #4 type] 
Type domain.User is not enhanced.

[2020-04-24 11:23:38 #5 type] 
Type domain.Kuota is not enhanced.

[2020-04-24 11:23:38 #6 type] 
Type domain.Registered is not enhanced.

[2020-04-24 11:23:38 #7 type] 
Type domain.Mugimendua is not enhanced.

[2020-04-24 11:23:38 #8 type] 
Type domain.MoneyTrans is not enhanced.

[2020-04-24 11:23:38 #9 type] 
Type domain.Apustua is not enhanced.

[2020-04-24 11:23:38 #10 type] 
Type domain.Admin is not enhanced.

------------------------------------------------------------------------------------------------------------------------

[2020-04-24 11:26:07 #1 store] 
Database 'C:\Users\julen\git\Bets2020Iter2\Bets2020\src\main\resources\bets.temp' is opened by 8272@DESKTOP-VQ96A8O

[2020-04-24 11:26:07 #2 type] 
Type domain.Question is not enhanced.

[2020-04-24 11:26:07 #3 type] 
Type domain.Event is not enhanced.

[2020-04-24 11:26:07 #4 type] 
Type domain.User is not enhanced.

[2020-04-24 11:26:07 #5 type] 
Type domain.Kuota is not enhanced.

[2020-04-24 11:26:07 #6 type] 
Type domain.Registered is not enhanced.

[2020-04-24 11:26:07 #7 type] 
Type domain.Mugimendua is not enhanced.

[2020-04-24 11:26:07 #8 type] 
Type domain.MoneyTrans is not enhanced.

[2020-04-24 11:26:07 #9 type] 
Type domain.Apustua is not enhanced.

[2020-04-24 11:26:07 #10 type] 
Type domain.Admin is not enhanced.

------------------------------------------------------------------------------------------------------------------------

[2020-04-24 11:27:37 #1 store] 
Database 'C:\Users\julen\git\Bets2020Iter2\Bets2020\src\main\resources\bets.temp' is opened by 16800@DESKTOP-VQ96A8O

[2020-04-24 11:27:37 #2 type] 
Type domain.Question is not enhanced.

[2020-04-24 11:27:37 #3 type] 
Type domain.Event is not enhanced.

[2020-04-24 11:27:37 #4 type] 
Type domain.User is not enhanced.

[2020-04-24 11:27:37 #5 type] 
Type domain.Kuota is not enhanced.

[2020-04-24 11:27:37 #6 type] 
Type domain.Registered is not enhanced.

[2020-04-24 11:27:37 #7 type] 
Type domain.Mugimendua is not enhanced.

[2020-04-24 11:27:37 #8 type] 
Type domain.MoneyTrans is not enhanced.

[2020-04-24 11:27:37 #9 type] 
Type domain.Apustua is not enhanced.

[2020-04-24 11:27:37 #10 type] 
Type domain.Admin is not enhanced.

------------------------------------------------------------------------------------------------------------------------

[2020-04-24 11:29:21 #1 store] 
Database 'C:\Users\julen\git\Bets2020Iter2\Bets2020\src\main\resources\bets.temp' is opened by 19328@DESKTOP-VQ96A8O

[2020-04-24 11:29:21 #2 type] 
Type domain.Question is not enhanced.

[2020-04-24 11:29:21 #3 type] 
Type domain.Event is not enhanced.

[2020-04-24 11:29:21 #4 type] 
Type domain.User is not enhanced.

[2020-04-24 11:29:21 #5 type] 
Type domain.Kuota is not enhanced.

[2020-04-24 11:29:21 #6 type] 
Type domain.Registered is not enhanced.

[2020-04-24 11:29:21 #7 type] 
Type domain.Mugimendua is not enhanced.

[2020-04-24 11:29:21 #8 type] 
Type domain.MoneyTrans is not enhanced.

[2020-04-24 11:29:21 #9 type] 
Type domain.Apustua is not enhanced.

[2020-04-24 11:29:21 #10 type] 
Type domain.Admin is not enhanced.

------------------------------------------------------------------------------------------------------------------------

[2020-04-24 11:29:48 #1 store] 
Database 'C:\Users\julen\git\Bets2020Iter2\Bets2020\src\main\resources\bets.temp' has been recovered (tr. 849-851)

[2020-04-24 11:29:48 #2 store] 
Database 'C:\Users\julen\git\Bets2020Iter2\Bets2020\src\main\resources\bets.temp' is opened by 4588@DESKTOP-VQ96A8O

[2020-04-24 11:29:48 #3 type] 
Type domain.Question is not enhanced.

[2020-04-24 11:29:48 #4 type] 
Type domain.Event is not enhanced.

[2020-04-24 11:29:48 #5 type] 
Type domain.User is not enhanced.

[2020-04-24 11:29:48 #6 type] 
Type domain.Kuota is not enhanced.

[2020-04-24 11:29:48 #7 type] 
Type domain.Registered is not enhanced.

[2020-04-24 11:29:48 #8 type] 
Type domain.Mugimendua is not enhanced.

[2020-04-24 11:29:48 #9 type] 
Type domain.MoneyTrans is not enhanced.

[2020-04-24 11:29:48 #10 type] 
Type domain.Apustua is not enhanced.

[2020-04-24 11:29:48 #11 type] 
Type domain.Admin is not enhanced.

------------------------------------------------------------------------------------------------------------------------

[2020-04-24 11:31:56 #1 store] 
Database 'C:\Users\julen\git\Bets2020Iter2\Bets2020\src\main\resources\bets.temp' is opened by 6852@DESKTOP-VQ96A8O

[2020-04-24 11:31:56 #2 type] 
Type domain.Question is not enhanced.

[2020-04-24 11:31:56 #3 type] 
Type domain.Event is not enhanced.

[2020-04-24 11:31:56 #4 type] 
Type domain.User is not enhanced.

[2020-04-24 11:31:56 #5 type] 
Type domain.Kuota is not enhanced.

[2020-04-24 11:31:56 #6 type] 
Type domain.Registered is not enhanced.

[2020-04-24 11:31:56 #7 type] 
Type domain.Mugimendua is not enhanced.

[2020-04-24 11:31:56 #8 type] 
Type domain.MoneyTrans is not enhanced.

[2020-04-24 11:31:56 #9 type] 
Type domain.Apustua is not enhanced.

[2020-04-24 11:31:56 #10 type] 
Type domain.Admin is not enhanced.

------------------------------------------------------------------------------------------------------------------------

[2020-04-24 11:33:45 #1 store] 
Database 'C:\Users\julen\git\Bets2020Iter2\Bets2020\src\main\resources\bets.temp' is opened by 17716@DESKTOP-VQ96A8O

[2020-04-24 11:33:45 #2 type] 
Type domain.Question is not enhanced.

[2020-04-24 11:33:45 #3 type] 
Type domain.Event is not enhanced.

[2020-04-24 11:33:45 #4 type] 
Type domain.User is not enhanced.

[2020-04-24 11:33:45 #5 type] 
Type domain.Kuota is not enhanced.

[2020-04-24 11:33:45 #6 type] 
Type domain.Registered is not enhanced.

[2020-04-24 11:33:45 #7 type] 
Type domain.Mugimendua is not enhanced.

[2020-04-24 11:33:45 #8 type] 
Type domain.MoneyTrans is not enhanced.

[2020-04-24 11:33:45 #9 type] 
Type domain.Apustua is not enhanced.

[2020-04-24 11:33:45 #10 type] 
Type domain.Admin is not enhanced.

------------------------------------------------------------------------------------------------------------------------

[2020-04-24 11:36:38 #1 store] 
Database 'C:\Users\julen\git\Bets2020Iter2\Bets2020\src\main\resources\bets.temp' is opened by 10580@DESKTOP-VQ96A8O

[2020-04-24 11:36:38 #2 type] 
Type domain.Question is not enhanced.

[2020-04-24 11:36:38 #3 type] 
Type domain.Event is not enhanced.

[2020-04-24 11:36:38 #4 type] 
Type domain.User is not enhanced.

[2020-04-24 11:36:38 #5 type] 
Type domain.Kuota is not enhanced.

[2020-04-24 11:36:38 #6 type] 
Type domain.Registered is not enhanced.

[2020-04-24 11:36:38 #7 type] 
Type domain.Mugimendua is not enhanced.

[2020-04-24 11:36:38 #8 type] 
Type domain.MoneyTrans is not enhanced.

[2020-04-24 11:36:38 #9 type] 
Type domain.Apustua is not enhanced.

[2020-04-24 11:36:38 #10 type] 
Type domain.Admin is not enhanced.

------------------------------------------------------------------------------------------------------------------------

[2020-04-24 11:37:09 #1 store] 
Database 'C:\Users\julen\git\Bets2020Iter2\Bets2020\src\main\resources\bets.temp' is opened by 15004@DESKTOP-VQ96A8O

[2020-04-24 11:37:09 #2 type] 
Type domain.Question is not enhanced.

[2020-04-24 11:37:09 #3 type] 
Type domain.Event is not enhanced.

[2020-04-24 11:37:09 #4 type] 
Type domain.User is not enhanced.

[2020-04-24 11:37:09 #5 type] 
Type domain.Kuota is not enhanced.

[2020-04-24 11:37:09 #6 type] 
Type domain.Registered is not enhanced.

[2020-04-24 11:37:09 #7 type] 
Type domain.Mugimendua is not enhanced.

[2020-04-24 11:37:09 #8 type] 
Type domain.MoneyTrans is not enhanced.

[2020-04-24 11:37:09 #9 type] 
Type domain.Apustua is not enhanced.

[2020-04-24 11:37:09 #10 type] 
Type domain.Admin is not enhanced.

------------------------------------------------------------------------------------------------------------------------

[2020-04-24 11:47:10 #1 store] 
Database 'C:\Users\julen\git\Bets2020Iter2\Bets2020\src\main\resources\bets.temp' is opened by 10232@DESKTOP-VQ96A8O

[2020-04-24 11:47:10 #2 type] 
Type domain.Question is not enhanced.

[2020-04-24 11:47:10 #3 type] 
Type domain.Event is not enhanced.

[2020-04-24 11:47:10 #4 type] 
Type domain.User is not enhanced.

[2020-04-24 11:47:10 #5 type] 
Type domain.Kuota is not enhanced.

[2020-04-24 11:47:10 #6 type] 
Type domain.Registered is not enhanced.

[2020-04-24 11:47:10 #7 type] 
Type domain.Mugimendua is not enhanced.

[2020-04-24 11:47:10 #8 type] 
Type domain.MoneyTrans is not enhanced.

[2020-04-24 11:47:10 #9 type] 
Type domain.Apustua is not enhanced.

[2020-04-24 11:47:10 #10 type] 
Type domain.Admin is not enhanced.

------------------------------------------------------------------------------------------------------------------------

[2020-04-24 11:47:25 #1 store] 
Database 'C:\Users\julen\git\Bets2020Iter2\Bets2020\src\main\resources\bets.temp' has been recovered (tr. 853-853)

[2020-04-24 11:47:25 #2 store] 
Database 'C:\Users\julen\git\Bets2020Iter2\Bets2020\src\main\resources\bets.temp' is opened by 12560@DESKTOP-VQ96A8O

[2020-04-24 11:47:25 #3 type] 
Type domain.Question is not enhanced.

[2020-04-24 11:47:25 #4 type] 
Type domain.Event is not enhanced.

[2020-04-24 11:47:25 #5 type] 
Type domain.User is not enhanced.

[2020-04-24 11:47:25 #6 type] 
Type domain.Kuota is not enhanced.

[2020-04-24 11:47:25 #7 type] 
Type domain.Registered is not enhanced.

[2020-04-24 11:47:25 #8 type] 
Type domain.Mugimendua is not enhanced.

[2020-04-24 11:47:25 #9 type] 
Type domain.MoneyTrans is not enhanced.

[2020-04-24 11:47:25 #10 type] 
Type domain.Apustua is not enhanced.

[2020-04-24 11:47:25 #11 type] 
Type domain.Admin is not enhanced.

------------------------------------------------------------------------------------------------------------------------

[2020-04-24 11:47:43 #1 store] 
Database 'C:\Users\julen\git\Bets2020Iter2\Bets2020\src\main\resources\bets.temp' is opened by 4048@DESKTOP-VQ96A8O

[2020-04-24 11:47:43 #2 type] 
Type domain.Question is not enhanced.

[2020-04-24 11:47:43 #3 type] 
Type domain.Event is not enhanced.

[2020-04-24 11:47:43 #4 type] 
Type domain.User is not enhanced.

[2020-04-24 11:47:43 #5 type] 
Type domain.Kuota is not enhanced.

[2020-04-24 11:47:43 #6 type] 
Type domain.Registered is not enhanced.

[2020-04-24 11:47:43 #7 type] 
Type domain.Mugimendua is not enhanced.

[2020-04-24 11:47:43 #8 type] 
Type domain.MoneyTrans is not enhanced.

[2020-04-24 11:47:43 #9 type] 
Type domain.Apustua is not enhanced.

[2020-04-24 11:47:43 #10 type] 
Type domain.Admin is not enhanced.

------------------------------------------------------------------------------------------------------------------------

[2020-04-24 11:49:30 #1 store] 
Database 'C:\Users\julen\git\Bets2020Iter2\Bets2020\src\main\resources\bets.temp' is opened by 11104@DESKTOP-VQ96A8O

[2020-04-24 11:49:30 #2 type] 
Type domain.Question is not enhanced.

[2020-04-24 11:49:30 #3 type] 
Type domain.Event is not enhanced.

[2020-04-24 11:49:30 #4 type] 
Type domain.User is not enhanced.

[2020-04-24 11:49:30 #5 type] 
Type domain.Kuota is not enhanced.

[2020-04-24 11:49:30 #6 type] 
Type domain.Registered is not enhanced.

[2020-04-24 11:49:30 #7 type] 
Type domain.Mugimendua is not enhanced.

[2020-04-24 11:49:30 #8 type] 
Type domain.MoneyTrans is not enhanced.

[2020-04-24 11:49:30 #9 type] 
Type domain.Apustua is not enhanced.

[2020-04-24 11:49:30 #10 type] 
Type domain.Admin is not enhanced.

------------------------------------------------------------------------------------------------------------------------

[2020-04-24 11:50:33 #1 store] 
Database 'C:\Users\julen\git\Bets2020Iter2\Bets2020\src\main\resources\bets.temp' has been recovered (tr. 854-856)

[2020-04-24 11:50:33 #2 store] 
Database 'C:\Users\julen\git\Bets2020Iter2\Bets2020\src\main\resources\bets.temp' is opened by 11704@DESKTOP-VQ96A8O

[2020-04-24 11:50:33 #3 type] 
Type domain.Question is not enhanced.

[2020-04-24 11:50:33 #4 type] 
Type domain.Event is not enhanced.

[2020-04-24 11:50:33 #5 type] 
Type domain.User is not enhanced.

[2020-04-24 11:50:33 #6 type] 
Type domain.Kuota is not enhanced.

[2020-04-24 11:50:33 #7 type] 
Type domain.Registered is not enhanced.

[2020-04-24 11:50:33 #8 type] 
Type domain.Mugimendua is not enhanced.

[2020-04-24 11:50:33 #9 type] 
Type domain.MoneyTrans is not enhanced.

[2020-04-24 11:50:33 #10 type] 
Type domain.Apustua is not enhanced.

[2020-04-24 11:50:33 #11 type] 
Type domain.Admin is not enhanced.

------------------------------------------------------------------------------------------------------------------------

[2020-04-24 11:50:52 #1 store] 
Database 'C:\Users\julen\git\Bets2020Iter2\Bets2020\src\main\resources\bets.temp' has been recovered (tr. 857-857)

[2020-04-24 11:50:52 #2 store] 
Database 'C:\Users\julen\git\Bets2020Iter2\Bets2020\src\main\resources\bets.temp' is opened by 15816@DESKTOP-VQ96A8O

[2020-04-24 11:50:52 #3 type] 
Type domain.Question is not enhanced.

[2020-04-24 11:50:52 #4 type] 
Type domain.Event is not enhanced.

[2020-04-24 11:50:52 #5 type] 
Type domain.User is not enhanced.

[2020-04-24 11:50:52 #6 type] 
Type domain.Kuota is not enhanced.

[2020-04-24 11:50:52 #7 type] 
Type domain.Registered is not enhanced.

[2020-04-24 11:50:52 #8 type] 
Type domain.Mugimendua is not enhanced.

[2020-04-24 11:50:52 #9 type] 
Type domain.MoneyTrans is not enhanced.

[2020-04-24 11:50:52 #10 type] 
Type domain.Apustua is not enhanced.

[2020-04-24 11:50:52 #11 type] 
Type domain.Admin is not enhanced.

------------------------------------------------------------------------------------------------------------------------

[2020-04-24 11:51:11 #1 store] 
Database 'C:\Users\julen\git\Bets2020Iter2\Bets2020\src\main\resources\bets.temp' has been recovered (tr. 858-858)

[2020-04-24 11:51:11 #2 store] 
Database 'C:\Users\julen\git\Bets2020Iter2\Bets2020\src\main\resources\bets.temp' is opened by 1628@DESKTOP-VQ96A8O

[2020-04-24 11:51:11 #3 type] 
Type domain.Question is not enhanced.

[2020-04-24 11:51:11 #4 type] 
Type domain.Event is not enhanced.

[2020-04-24 11:51:11 #5 type] 
Type domain.User is not enhanced.

[2020-04-24 11:51:11 #6 type] 
Type domain.Kuota is not enhanced.

[2020-04-24 11:51:11 #7 type] 
Type domain.Registered is not enhanced.

[2020-04-24 11:51:11 #8 type] 
Type domain.Mugimendua is not enhanced.

[2020-04-24 11:51:11 #9 type] 
Type domain.MoneyTrans is not enhanced.

[2020-04-24 11:51:11 #10 type] 
Type domain.Apustua is not enhanced.

[2020-04-24 11:51:11 #11 type] 
Type domain.Admin is not enhanced.

------------------------------------------------------------------------------------------------------------------------

[2020-04-24 11:51:38 #1 store] 
Database 'C:\Users\julen\git\Bets2020Iter2\Bets2020\src\main\resources\bets.temp' has been recovered (tr. 859-859)

[2020-04-24 11:51:38 #2 store] 
Database 'C:\Users\julen\git\Bets2020Iter2\Bets2020\src\main\resources\bets.temp' is opened by 11928@DESKTOP-VQ96A8O

[2020-04-24 11:51:38 #3 type] 
Type domain.Question is not enhanced.

[2020-04-24 11:51:38 #4 type] 
Type domain.Event is not enhanced.

[2020-04-24 11:51:38 #5 type] 
Type domain.User is not enhanced.

[2020-04-24 11:51:38 #6 type] 
Type domain.Kuota is not enhanced.

[2020-04-24 11:51:38 #7 type] 
Type domain.Registered is not enhanced.

[2020-04-24 11:51:38 #8 type] 
Type domain.Mugimendua is not enhanced.

[2020-04-24 11:51:38 #9 type] 
Type domain.MoneyTrans is not enhanced.

[2020-04-24 11:51:38 #10 type] 
Type domain.Apustua is not enhanced.

[2020-04-24 11:51:38 #11 type] 
Type domain.Admin is not enhanced.

------------------------------------------------------------------------------------------------------------------------

[2020-04-24 11:56:53 #1 store] 
Database 'C:\Users\julen\git\Bets2020Iter2\Bets2020\src\main\resources\bets.temp' is opened by 12220@DESKTOP-VQ96A8O

[2020-04-24 11:56:53 #2 type] 
Type domain.Question is not enhanced.

[2020-04-24 11:56:53 #3 type] 
Type domain.Event is not enhanced.

[2020-04-24 11:56:53 #4 type] 
Type domain.User is not enhanced.

[2020-04-24 11:56:53 #5 type] 
Type domain.Kuota is not enhanced.

[2020-04-24 11:56:53 #6 type] 
Type domain.Registered is not enhanced.

[2020-04-24 11:56:53 #7 type] 
Type domain.Mugimendua is not enhanced.

[2020-04-24 11:56:53 #8 type] 
Type domain.MoneyTrans is not enhanced.

[2020-04-24 11:56:53 #9 type] 
Type domain.Apustua is not enhanced.

[2020-04-24 11:56:53 #10 type] 
Type domain.Admin is not enhanced.

------------------------------------------------------------------------------------------------------------------------

[2020-04-24 11:57:28 #1 store] 
Database 'C:\Users\julen\git\Bets2020Iter2\Bets2020\src\main\resources\bets.temp' has been recovered (tr. 860-862)

[2020-04-24 11:57:28 #2 store] 
Database 'C:\Users\julen\git\Bets2020Iter2\Bets2020\src\main\resources\bets.temp' is opened by 4852@DESKTOP-VQ96A8O

[2020-04-24 11:57:28 #3 type] 
Type domain.Question is not enhanced.

[2020-04-24 11:57:28 #4 type] 
Type domain.Event is not enhanced.

[2020-04-24 11:57:28 #5 type] 
Type domain.User is not enhanced.

[2020-04-24 11:57:28 #6 type] 
Type domain.Kuota is not enhanced.

[2020-04-24 11:57:28 #7 type] 
Type domain.Registered is not enhanced.

[2020-04-24 11:57:28 #8 type] 
Type domain.Mugimendua is not enhanced.

[2020-04-24 11:57:28 #9 type] 
Type domain.MoneyTrans is not enhanced.

[2020-04-24 11:57:28 #10 type] 
Type domain.Apustua is not enhanced.

[2020-04-24 11:57:28 #11 type] 
Type domain.Admin is not enhanced.

------------------------------------------------------------------------------------------------------------------------

[2020-04-24 11:57:43 #1 store] 
Database 'C:\Users\julen\git\Bets2020Iter2\Bets2020\src\main\resources\bets.temp' has been recovered (tr. 863-863)

[2020-04-24 11:57:43 #2 store] 
Database 'C:\Users\julen\git\Bets2020Iter2\Bets2020\src\main\resources\bets.temp' is opened by 17508@DESKTOP-VQ96A8O

[2020-04-24 11:57:43 #3 type] 
Type domain.Question is not enhanced.

[2020-04-24 11:57:43 #4 type] 
Type domain.Event is not enhanced.

[2020-04-24 11:57:43 #5 type] 
Type domain.User is not enhanced.

[2020-04-24 11:57:43 #6 type] 
Type domain.Kuota is not enhanced.

[2020-04-24 11:57:43 #7 type] 
Type domain.Registered is not enhanced.

[2020-04-24 11:57:43 #8 type] 
Type domain.Mugimendua is not enhanced.

[2020-04-24 11:57:43 #9 type] 
Type domain.MoneyTrans is not enhanced.

[2020-04-24 11:57:43 #10 type] 
Type domain.Apustua is not enhanced.

[2020-04-24 11:57:43 #11 type] 
Type domain.Admin is not enhanced.

------------------------------------------------------------------------------------------------------------------------

[2020-04-24 11:58:06 #1 store] 
Database 'C:\Users\julen\git\Bets2020Iter2\Bets2020\src\main\resources\bets.temp' has been recovered (tr. 864-864)

[2020-04-24 11:58:06 #2 store] 
Database 'C:\Users\julen\git\Bets2020Iter2\Bets2020\src\main\resources\bets.temp' is opened by 16704@DESKTOP-VQ96A8O

[2020-04-24 11:58:06 #3 type] 
Type domain.Question is not enhanced.

[2020-04-24 11:58:06 #4 type] 
Type domain.Event is not enhanced.

[2020-04-24 11:58:06 #5 type] 
Type domain.User is not enhanced.

[2020-04-24 11:58:06 #6 type] 
Type domain.Kuota is not enhanced.

[2020-04-24 11:58:06 #7 type] 
Type domain.Registered is not enhanced.

[2020-04-24 11:58:06 #8 type] 
Type domain.Mugimendua is not enhanced.

[2020-04-24 11:58:06 #9 type] 
Type domain.MoneyTrans is not enhanced.

[2020-04-24 11:58:06 #10 type] 
Type domain.Apustua is not enhanced.

[2020-04-24 11:58:06 #11 type] 
Type domain.Admin is not enhanced.

------------------------------------------------------------------------------------------------------------------------

[2020-04-24 11:58:18 #1 store] 
Database 'C:\Users\julen\git\Bets2020Iter2\Bets2020\src\main\resources\bets.temp' has been recovered (tr. 865-865)

[2020-04-24 11:58:18 #2 store] 
Database 'C:\Users\julen\git\Bets2020Iter2\Bets2020\src\main\resources\bets.temp' is opened by 17228@DESKTOP-VQ96A8O

[2020-04-24 11:58:18 #3 type] 
Type domain.Question is not enhanced.

[2020-04-24 11:58:18 #4 type] 
Type domain.Event is not enhanced.

[2020-04-24 11:58:18 #5 type] 
Type domain.User is not enhanced.

[2020-04-24 11:58:18 #6 type] 
Type domain.Kuota is not enhanced.

[2020-04-24 11:58:18 #7 type] 
Type domain.Registered is not enhanced.

[2020-04-24 11:58:18 #8 type] 
Type domain.Mugimendua is not enhanced.

[2020-04-24 11:58:18 #9 type] 
Type domain.MoneyTrans is not enhanced.

[2020-04-24 11:58:18 #10 type] 
Type domain.Apustua is not enhanced.

[2020-04-24 11:58:18 #11 type] 
Type domain.Admin is not enhanced.

------------------------------------------------------------------------------------------------------------------------

[2020-04-24 12:00:55 #1 store] 
Database 'C:\Users\julen\git\Bets2020Iter2\Bets2020\src\main\resources\bets.temp' is opened by 17764@DESKTOP-VQ96A8O

[2020-04-24 12:00:55 #2 type] 
Type domain.Question is not enhanced.

[2020-04-24 12:00:55 #3 type] 
Type domain.Event is not enhanced.

[2020-04-24 12:00:55 #4 type] 
Type domain.User is not enhanced.

[2020-04-24 12:00:55 #5 type] 
Type domain.Kuota is not enhanced.

[2020-04-24 12:00:55 #6 type] 
Type domain.Registered is not enhanced.

[2020-04-24 12:00:55 #7 type] 
Type domain.Mugimendua is not enhanced.

[2020-04-24 12:00:55 #8 type] 
Type domain.MoneyTrans is not enhanced.

[2020-04-24 12:00:55 #9 type] 
Type domain.Apustua is not enhanced.

[2020-04-24 12:00:55 #10 type] 
Type domain.Admin is not enhanced.

------------------------------------------------------------------------------------------------------------------------

[2020-04-24 12:01:05 #1 store] 
Database 'C:\Users\julen\git\Bets2020Iter2\Bets2020\src\main\resources\bets.temp' has been recovered (tr. 870-872)

[2020-04-24 12:01:05 #2 store] 
Database 'C:\Users\julen\git\Bets2020Iter2\Bets2020\src\main\resources\bets.temp' is opened by 10412@DESKTOP-VQ96A8O

[2020-04-24 12:01:05 #3 type] 
Type domain.Question is not enhanced.

[2020-04-24 12:01:05 #4 type] 
Type domain.Event is not enhanced.

[2020-04-24 12:01:05 #5 type] 
Type domain.User is not enhanced.

[2020-04-24 12:01:05 #6 type] 
Type domain.Kuota is not enhanced.

[2020-04-24 12:01:05 #7 type] 
Type domain.Registered is not enhanced.

[2020-04-24 12:01:05 #8 type] 
Type domain.Mugimendua is not enhanced.

[2020-04-24 12:01:05 #9 type] 
Type domain.MoneyTrans is not enhanced.

[2020-04-24 12:01:05 #10 type] 
Type domain.Apustua is not enhanced.

[2020-04-24 12:01:05 #11 type] 
Type domain.Admin is not enhanced.

------------------------------------------------------------------------------------------------------------------------

[2020-04-24 12:01:18 #1 store] 
Database 'C:\Users\julen\git\Bets2020Iter2\Bets2020\src\main\resources\bets.temp' is opened by 16412@DESKTOP-VQ96A8O

[2020-04-24 12:01:18 #2 type] 
Type domain.Question is not enhanced.

[2020-04-24 12:01:18 #3 type] 
Type domain.Event is not enhanced.

[2020-04-24 12:01:18 #4 type] 
Type domain.User is not enhanced.

[2020-04-24 12:01:18 #5 type] 
Type domain.Kuota is not enhanced.

[2020-04-24 12:01:18 #6 type] 
Type domain.Registered is not enhanced.

[2020-04-24 12:01:18 #7 type] 
Type domain.Mugimendua is not enhanced.

[2020-04-24 12:01:18 #8 type] 
Type domain.MoneyTrans is not enhanced.

[2020-04-24 12:01:18 #9 type] 
Type domain.Apustua is not enhanced.

[2020-04-24 12:01:18 #10 type] 
Type domain.Admin is not enhanced.

------------------------------------------------------------------------------------------------------------------------

[2020-04-24 12:01:31 #1 store] 
Database 'C:\Users\julen\git\Bets2020Iter2\Bets2020\src\main\resources\bets.temp' has been recovered (tr. 873-875)

[2020-04-24 12:01:31 #2 store] 
Database 'C:\Users\julen\git\Bets2020Iter2\Bets2020\src\main\resources\bets.temp' is opened by 1888@DESKTOP-VQ96A8O

[2020-04-24 12:01:31 #3 type] 
Type domain.Question is not enhanced.

[2020-04-24 12:01:31 #4 type] 
Type domain.Event is not enhanced.

[2020-04-24 12:01:31 #5 type] 
Type domain.User is not enhanced.

[2020-04-24 12:01:31 #6 type] 
Type domain.Kuota is not enhanced.

[2020-04-24 12:01:31 #7 type] 
Type domain.Registered is not enhanced.

[2020-04-24 12:01:31 #8 type] 
Type domain.Mugimendua is not enhanced.

[2020-04-24 12:01:31 #9 type] 
Type domain.MoneyTrans is not enhanced.

[2020-04-24 12:01:31 #10 type] 
Type domain.Apustua is not enhanced.

[2020-04-24 12:01:31 #11 type] 
Type domain.Admin is not enhanced.

------------------------------------------------------------------------------------------------------------------------

[2020-04-24 12:01:42 #1 store] 
Database 'C:\Users\julen\git\Bets2020Iter2\Bets2020\src\main\resources\bets.temp' is opened by 3232@DESKTOP-VQ96A8O

[2020-04-24 12:01:42 #2 type] 
Type domain.Question is not enhanced.

[2020-04-24 12:01:42 #3 type] 
Type domain.Event is not enhanced.

[2020-04-24 12:01:42 #4 type] 
Type domain.User is not enhanced.

[2020-04-24 12:01:42 #5 type] 
Type domain.Kuota is not enhanced.

[2020-04-24 12:01:42 #6 type] 
Type domain.Registered is not enhanced.

[2020-04-24 12:01:42 #7 type] 
Type domain.Mugimendua is not enhanced.

[2020-04-24 12:01:42 #8 type] 
Type domain.MoneyTrans is not enhanced.

[2020-04-24 12:01:42 #9 type] 
Type domain.Apustua is not enhanced.

[2020-04-24 12:01:42 #10 type] 
Type domain.Admin is not enhanced.

------------------------------------------------------------------------------------------------------------------------

[2020-04-24 12:04:49 #1 store] 
Database 'C:\Users\julen\git\Bets2020Iter2\Bets2020\src\main\resources\bets.temp' is opened by 9456@DESKTOP-VQ96A8O

[2020-04-24 12:04:50 #2 type] 
Type domain.Question is not enhanced.

[2020-04-24 12:04:50 #3 type] 
Type domain.Event is not enhanced.

[2020-04-24 12:04:50 #4 type] 
Type domain.User is not enhanced.

[2020-04-24 12:04:50 #5 type] 
Type domain.Kuota is not enhanced.

[2020-04-24 12:04:50 #6 type] 
Type domain.Registered is not enhanced.

[2020-04-24 12:04:50 #7 type] 
Type domain.Mugimendua is not enhanced.

[2020-04-24 12:04:50 #8 type] 
Type domain.MoneyTrans is not enhanced.

[2020-04-24 12:04:50 #9 type] 
Type domain.Apustua is not enhanced.

[2020-04-24 12:04:50 #10 type] 
Type domain.Admin is not enhanced.

------------------------------------------------------------------------------------------------------------------------

[2020-04-24 12:11:31 #1 store] 
Database 'C:\Users\julen\git\Bets2020Iter2\Bets2020\src\main\resources\bets.temp' is opened by 11636@DESKTOP-VQ96A8O

[2020-04-24 12:11:31 #2 type] 
Type domain.Question is not enhanced.

[2020-04-24 12:11:31 #3 type] 
Type domain.Event is not enhanced.

[2020-04-24 12:11:31 #4 type] 
Type domain.User is not enhanced.

[2020-04-24 12:11:31 #5 type] 
Type domain.Kuota is not enhanced.

[2020-04-24 12:11:31 #6 type] 
Type domain.Registered is not enhanced.

[2020-04-24 12:11:31 #7 type] 
Type domain.Mugimendua is not enhanced.

[2020-04-24 12:11:31 #8 type] 
Type domain.MoneyTrans is not enhanced.

[2020-04-24 12:11:31 #9 type] 
Type domain.Apustua is not enhanced.

[2020-04-24 12:11:31 #10 type] 
Type domain.Admin is not enhanced.

------------------------------------------------------------------------------------------------------------------------

[2020-04-24 12:14:09 #1 store] 
Database 'C:\Users\julen\git\Bets2020Iter2\Bets2020\src\main\resources\bets.temp' is opened by 5084@DESKTOP-VQ96A8O

[2020-04-24 12:14:09 #2 type] 
Type domain.Question is not enhanced.

[2020-04-24 12:14:09 #3 type] 
Type domain.Event is not enhanced.

[2020-04-24 12:14:09 #4 type] 
Type domain.User is not enhanced.

[2020-04-24 12:14:09 #5 type] 
Type domain.Kuota is not enhanced.

[2020-04-24 12:14:09 #6 type] 
Type domain.Registered is not enhanced.

[2020-04-24 12:14:09 #7 type] 
Type domain.Mugimendua is not enhanced.

[2020-04-24 12:14:09 #8 type] 
Type domain.MoneyTrans is not enhanced.

[2020-04-24 12:14:09 #9 type] 
Type domain.Apustua is not enhanced.

[2020-04-24 12:14:09 #10 type] 
Type domain.Admin is not enhanced.

------------------------------------------------------------------------------------------------------------------------

[2020-04-24 12:15:22 #1 store] 
Database 'C:\Users\julen\git\Bets2020Iter2\Bets2020\src\main\resources\bets.temp' is opened by 11744@DESKTOP-VQ96A8O

[2020-04-24 12:15:22 #2 type] 
Type domain.Question is not enhanced.

[2020-04-24 12:15:22 #3 type] 
Type domain.Event is not enhanced.

[2020-04-24 12:15:22 #4 type] 
Type domain.User is not enhanced.

[2020-04-24 12:15:22 #5 type] 
Type domain.Kuota is not enhanced.

[2020-04-24 12:15:22 #6 type] 
Type domain.Registered is not enhanced.

[2020-04-24 12:15:22 #7 type] 
Type domain.Mugimendua is not enhanced.

[2020-04-24 12:15:22 #8 type] 
Type domain.MoneyTrans is not enhanced.

[2020-04-24 12:15:22 #9 type] 
Type domain.Apustua is not enhanced.

[2020-04-24 12:15:22 #10 type] 
Type domain.Admin is not enhanced.

------------------------------------------------------------------------------------------------------------------------

[2020-04-24 12:19:09 #1 store] 
Database 'C:\Users\julen\git\Bets2020Iter2\Bets2020\src\main\resources\bets.temp' is opened by 2744@DESKTOP-VQ96A8O

[2020-04-24 12:19:09 #2 type] 
Type domain.Question is not enhanced.

[2020-04-24 12:19:09 #3 type] 
Type domain.Event is not enhanced.

[2020-04-24 12:19:09 #4 type] 
Type domain.User is not enhanced.

[2020-04-24 12:19:09 #5 type] 
Type domain.Kuota is not enhanced.

[2020-04-24 12:19:09 #6 type] 
Type domain.Registered is not enhanced.

[2020-04-24 12:19:09 #7 type] 
Type domain.Mugimendua is not enhanced.

[2020-04-24 12:19:09 #8 type] 
Type domain.MoneyTrans is not enhanced.

[2020-04-24 12:19:09 #9 type] 
Type domain.Apustua is not enhanced.

[2020-04-24 12:19:09 #10 type] 
Type domain.Admin is not enhanced.

------------------------------------------------------------------------------------------------------------------------

[2020-04-24 13:23:04 #1 store] 
Database 'C:\Users\julen\git\Bets2020Iter2\Bets2020\src\main\resources\bets.temp' is opened by 11288@DESKTOP-VQ96A8O

[2020-04-24 13:23:04 #2 type] 
Type domain.Question is not enhanced.

[2020-04-24 13:23:04 #3 type] 
Type domain.Event is not enhanced.

[2020-04-24 13:23:04 #4 type] 
Type domain.User is not enhanced.

[2020-04-24 13:23:04 #5 type] 
Type domain.Kuota is not enhanced.

[2020-04-24 13:23:04 #6 type] 
Type domain.Registered is not enhanced.

[2020-04-24 13:23:04 #7 type] 
Type domain.Mugimendua is not enhanced.

[2020-04-24 13:23:04 #8 type] 
Type domain.MoneyTrans is not enhanced.

[2020-04-24 13:23:04 #9 type] 
Type domain.Apustua is not enhanced.

[2020-04-24 13:23:04 #10 type] 
Type domain.Admin is not enhanced.

------------------------------------------------------------------------------------------------------------------------

[2020-04-24 13:54:50 #1 store] 
Database 'C:\Users\julen\git\Bets2020Iter2\Bets2020\src\main\resources\bets.temp' is opened by 15512@DESKTOP-VQ96A8O

[2020-04-24 13:54:50 #2 type] 
Type domain.Question is not enhanced.

[2020-04-24 13:54:50 #3 type] 
Type domain.Event is not enhanced.

[2020-04-24 13:54:50 #4 type] 
Type domain.User is not enhanced.

[2020-04-24 13:54:50 #5 type] 
Type domain.Kuota is not enhanced.

[2020-04-24 13:54:50 #6 type] 
Type domain.Registered is not enhanced.

[2020-04-24 13:54:50 #7 type] 
Type domain.Mugimendua is not enhanced.

[2020-04-24 13:54:50 #8 type] 
Type domain.MoneyTrans is not enhanced.

[2020-04-24 13:54:50 #9 type] 
Type domain.Apustua is not enhanced.

[2020-04-24 13:54:50 #10 type] 
Type domain.Admin is not enhanced.

------------------------------------------------------------------------------------------------------------------------

[2020-04-24 13:57:06 #1 store] 
Database 'C:\Users\julen\git\Bets2020Iter2\Bets2020\src\main\resources\bets.temp' is opened by 4828@DESKTOP-VQ96A8O

[2020-04-24 13:57:06 #2 type] 
Type domain.Question is not enhanced.

[2020-04-24 13:57:06 #3 type] 
Type domain.Event is not enhanced.

[2020-04-24 13:57:06 #4 type] 
Type domain.User is not enhanced.

[2020-04-24 13:57:06 #5 type] 
Type domain.Kuota is not enhanced.

[2020-04-24 13:57:06 #6 type] 
Type domain.Registered is not enhanced.

[2020-04-24 13:57:06 #7 type] 
Type domain.Mugimendua is not enhanced.

[2020-04-24 13:57:06 #8 type] 
Type domain.MoneyTrans is not enhanced.

[2020-04-24 13:57:06 #9 type] 
Type domain.Apustua is not enhanced.

[2020-04-24 13:57:06 #10 type] 
Type domain.Admin is not enhanced.

------------------------------------------------------------------------------------------------------------------------

[2020-04-24 13:57:19 #1 store] 
Database 'C:\Users\julen\git\Bets2020Iter2\Bets2020\src\main\resources\bets.temp' is opened by 5340@DESKTOP-VQ96A8O

[2020-04-24 13:57:19 #2 type] 
Type domain.Question is not enhanced.

[2020-04-24 13:57:19 #3 type] 
Type domain.Event is not enhanced.

[2020-04-24 13:57:19 #4 type] 
Type domain.User is not enhanced.

[2020-04-24 13:57:19 #5 type] 
Type domain.Kuota is not enhanced.

[2020-04-24 13:57:19 #6 type] 
Type domain.Registered is not enhanced.

[2020-04-24 13:57:19 #7 type] 
Type domain.Mugimendua is not enhanced.

[2020-04-24 13:57:19 #8 type] 
Type domain.MoneyTrans is not enhanced.

[2020-04-24 13:57:19 #9 type] 
Type domain.Apustua is not enhanced.

[2020-04-24 13:57:19 #10 type] 
Type domain.Admin is not enhanced.

------------------------------------------------------------------------------------------------------------------------

[2020-04-24 13:59:23 #1 store] 
Database 'C:\Users\julen\git\Bets2020Iter2\Bets2020\src\main\resources\bets.temp' is opened by 7924@DESKTOP-VQ96A8O

[2020-04-24 13:59:23 #2 type] 
Type domain.Question is not enhanced.

[2020-04-24 13:59:23 #3 type] 
Type domain.Event is not enhanced.

[2020-04-24 13:59:23 #4 type] 
Type domain.User is not enhanced.

[2020-04-24 13:59:23 #5 type] 
Type domain.Kuota is not enhanced.

[2020-04-24 13:59:23 #6 type] 
Type domain.Registered is not enhanced.

[2020-04-24 13:59:23 #7 type] 
Type domain.Mugimendua is not enhanced.

[2020-04-24 13:59:23 #8 type] 
Type domain.MoneyTrans is not enhanced.

[2020-04-24 13:59:23 #9 type] 
Type domain.Apustua is not enhanced.

[2020-04-24 13:59:23 #10 type] 
Type domain.Admin is not enhanced.

------------------------------------------------------------------------------------------------------------------------

[2020-04-24 13:59:30 #1 store] 
Database 'C:\Users\julen\git\Bets2020Iter2\Bets2020\src\main\resources\bets.temp' is opened by 12308@DESKTOP-VQ96A8O

[2020-04-24 13:59:30 #2 type] 
Type domain.Question is not enhanced.

[2020-04-24 13:59:30 #3 type] 
Type domain.Event is not enhanced.

[2020-04-24 13:59:30 #4 type] 
Type domain.User is not enhanced.

[2020-04-24 13:59:30 #5 type] 
Type domain.Kuota is not enhanced.

[2020-04-24 13:59:30 #6 type] 
Type domain.Registered is not enhanced.

[2020-04-24 13:59:30 #7 type] 
Type domain.Mugimendua is not enhanced.

[2020-04-24 13:59:30 #8 type] 
Type domain.MoneyTrans is not enhanced.

[2020-04-24 13:59:30 #9 type] 
Type domain.Apustua is not enhanced.

[2020-04-24 13:59:30 #10 type] 
Type domain.Admin is not enhanced.

------------------------------------------------------------------------------------------------------------------------

[2020-04-24 14:00:28 #1 store] 
Database 'C:\Users\julen\git\Bets2020Iter2\Bets2020\src\main\resources\bets.temp' is opened by 10832@DESKTOP-VQ96A8O

[2020-04-24 14:00:28 #2 type] 
Type domain.Question is not enhanced.

[2020-04-24 14:00:28 #3 type] 
Type domain.Event is not enhanced.

[2020-04-24 14:00:28 #4 type] 
Type domain.User is not enhanced.

[2020-04-24 14:00:28 #5 type] 
Type domain.Kuota is not enhanced.

[2020-04-24 14:00:28 #6 type] 
Type domain.Registered is not enhanced.

[2020-04-24 14:00:28 #7 type] 
Type domain.Mugimendua is not enhanced.

[2020-04-24 14:00:28 #8 type] 
Type domain.MoneyTrans is not enhanced.

[2020-04-24 14:00:28 #9 type] 
Type domain.Apustua is not enhanced.

[2020-04-24 14:00:28 #10 type] 
Type domain.Admin is not enhanced.

