------------------------------------------------------------------------------------------------------------------------

[2020-03-29 17:19:44 #1 store] 
Database 'C:\Users\julen\eclipse-workspace\Bets2020.2.05.zip_expanded\Bets2020\src\main\resources\bets.temp' is opened by 28264@DESKTOP-VQ96A8O

[2020-03-29 17:19:44 #2 type] 
Type domain.Question is not enhanced.

[2020-03-29 17:19:44 #3 type] 
Type domain.Event is not enhanced.

[2020-03-29 17:19:44 #4 type] 
Type domain.User is not enhanced.

[2020-03-29 17:19:44 #5 type] 
Type domain.Kuota is not enhanced.

[2020-03-29 17:19:44 #6 type] 
Type domain.Registered is not enhanced.

[2020-03-29 17:19:44 #7 type] 
Type domain.Mugimendua is not enhanced.

[2020-03-29 17:19:44 #8 type] 
Type domain.MoneyTrans is not enhanced.

[2020-03-29 17:19:44 #9 type] 
Type domain.Apustua is not enhanced.

[2020-03-29 17:19:44 #10 type] 
Type domain.Admin is not enhanced.

------------------------------------------------------------------------------------------------------------------------

[2020-03-29 18:12:21 #1 store] 
Database 'C:\Users\julen\eclipse-workspace\Bets2020.2.05.zip_expanded\Bets2020\src\main\resources\bets.temp' is opened by 15032@DESKTOP-VQ96A8O

[2020-03-29 18:12:21 #2 type] 
Type domain.Question is not enhanced.

[2020-03-29 18:12:21 #3 type] 
Type domain.Event is not enhanced.

[2020-03-29 18:12:21 #4 type] 
Type domain.User is not enhanced.

[2020-03-29 18:12:21 #5 type] 
Type domain.Kuota is not enhanced.

[2020-03-29 18:12:21 #6 type] 
Type domain.Registered is not enhanced.

[2020-03-29 18:12:21 #7 type] 
Type domain.Mugimendua is not enhanced.

[2020-03-29 18:12:21 #8 type] 
Type domain.MoneyTrans is not enhanced.

[2020-03-29 18:12:21 #9 type] 
Type domain.Apustua is not enhanced.

[2020-03-29 18:12:21 #10 type] 
Type domain.Admin is not enhanced.

------------------------------------------------------------------------------------------------------------------------

[2020-03-29 18:14:30 #1 store] 
Database 'C:\Users\julen\eclipse-workspace\Bets2020.2.05.zip_expanded\Bets2020\src\main\resources\bets.temp' is opened by 4348@DESKTOP-VQ96A8O

[2020-03-29 18:14:30 #2 type] 
Type domain.Question is not enhanced.

[2020-03-29 18:14:30 #3 type] 
Type domain.Event is not enhanced.

[2020-03-29 18:14:30 #4 type] 
Type domain.User is not enhanced.

[2020-03-29 18:14:30 #5 type] 
Type domain.Kuota is not enhanced.

[2020-03-29 18:14:30 #6 type] 
Type domain.Registered is not enhanced.

[2020-03-29 18:14:30 #7 type] 
Type domain.Mugimendua is not enhanced.

[2020-03-29 18:14:30 #8 type] 
Type domain.MoneyTrans is not enhanced.

[2020-03-29 18:14:30 #9 type] 
Type domain.Apustua is not enhanced.

[2020-03-29 18:14:30 #10 type] 
Type domain.Admin is not enhanced.

------------------------------------------------------------------------------------------------------------------------

[2020-03-29 18:15:42 #1 store] 
Database 'C:\Users\julen\eclipse-workspace\Bets2020.2.05.zip_expanded\Bets2020\src\main\resources\bets.temp' is opened by 2996@DESKTOP-VQ96A8O

[2020-03-29 18:15:43 #2 type] 
Type domain.Question is not enhanced.

[2020-03-29 18:15:43 #3 type] 
Type domain.Event is not enhanced.

[2020-03-29 18:15:43 #4 type] 
Type domain.User is not enhanced.

[2020-03-29 18:15:43 #5 type] 
Type domain.Kuota is not enhanced.

[2020-03-29 18:15:43 #6 type] 
Type domain.Registered is not enhanced.

[2020-03-29 18:15:43 #7 type] 
Type domain.Mugimendua is not enhanced.

[2020-03-29 18:15:43 #8 type] 
Type domain.MoneyTrans is not enhanced.

[2020-03-29 18:15:43 #9 type] 
Type domain.Apustua is not enhanced.

[2020-03-29 18:15:43 #10 type] 
Type domain.Admin is not enhanced.

------------------------------------------------------------------------------------------------------------------------

[2020-03-29 18:30:09 #1 store] 
Database 'C:\Users\julen\eclipse-workspace\Bets2020.2.05.zip_expanded\Bets2020\src\main\resources\bets.temp' has been recovered (tr. 728-728)

[2020-03-29 18:30:09 #2 store] 
Database 'C:\Users\julen\eclipse-workspace\Bets2020.2.05.zip_expanded\Bets2020\src\main\resources\bets.temp' is opened by 19504@DESKTOP-VQ96A8O

[2020-03-29 18:30:09 #3 type] 
Type domain.Question is not enhanced.

[2020-03-29 18:30:09 #4 type] 
Type domain.Event is not enhanced.

[2020-03-29 18:30:09 #5 type] 
Type domain.User is not enhanced.

[2020-03-29 18:30:09 #6 type] 
Type domain.Kuota is not enhanced.

[2020-03-29 18:30:09 #7 type] 
Type domain.Registered is not enhanced.

[2020-03-29 18:30:09 #8 type] 
Type domain.Mugimendua is not enhanced.

[2020-03-29 18:30:09 #9 type] 
Type domain.MoneyTrans is not enhanced.

[2020-03-29 18:30:09 #10 type] 
Type domain.Apustua is not enhanced.

[2020-03-29 18:30:09 #11 type] 
Type domain.Admin is not enhanced.

------------------------------------------------------------------------------------------------------------------------

[2020-03-29 18:35:44 #1 store] 
Database 'C:\Users\julen\eclipse-workspace\Bets2020.2.05.zip_expanded\Bets2020\src\main\resources\bets.temp' has been recovered (tr. 729-731)

[2020-03-29 18:35:44 #2 store] 
Database 'C:\Users\julen\eclipse-workspace\Bets2020.2.05.zip_expanded\Bets2020\src\main\resources\bets.temp' is opened by 30472@DESKTOP-VQ96A8O

[2020-03-29 18:35:44 #3 type] 
Type domain.Question is not enhanced.

[2020-03-29 18:35:44 #4 type] 
Type domain.Event is not enhanced.

[2020-03-29 18:35:44 #5 type] 
Type domain.User is not enhanced.

[2020-03-29 18:35:44 #6 type] 
Type domain.Kuota is not enhanced.

[2020-03-29 18:35:44 #7 type] 
Type domain.Registered is not enhanced.

[2020-03-29 18:35:44 #8 type] 
Type domain.Mugimendua is not enhanced.

[2020-03-29 18:35:44 #9 type] 
Type domain.MoneyTrans is not enhanced.

[2020-03-29 18:35:44 #10 type] 
Type domain.Apustua is not enhanced.

[2020-03-29 18:35:44 #11 type] 
Type domain.Admin is not enhanced.

------------------------------------------------------------------------------------------------------------------------

[2020-03-29 18:37:51 #1 store] 
Database 'C:\Users\julen\eclipse-workspace\Bets2020.2.05.zip_expanded\Bets2020\src\main\resources\bets.temp' is opened by 27184@DESKTOP-VQ96A8O

[2020-03-29 18:37:51 #2 type] 
Type domain.Question is not enhanced.

[2020-03-29 18:37:51 #3 type] 
Type domain.Event is not enhanced.

[2020-03-29 18:37:51 #4 type] 
Type domain.User is not enhanced.

[2020-03-29 18:37:51 #5 type] 
Type domain.Kuota is not enhanced.

[2020-03-29 18:37:51 #6 type] 
Type domain.Registered is not enhanced.

[2020-03-29 18:37:51 #7 type] 
Type domain.Mugimendua is not enhanced.

[2020-03-29 18:37:51 #8 type] 
Type domain.MoneyTrans is not enhanced.

[2020-03-29 18:37:51 #9 type] 
Type domain.Apustua is not enhanced.

[2020-03-29 18:37:51 #10 type] 
Type domain.Admin is not enhanced.

------------------------------------------------------------------------------------------------------------------------

[2020-03-29 18:39:08 #1 store] 
Database 'C:\Users\julen\eclipse-workspace\Bets2020.2.05.zip_expanded\Bets2020\src\main\resources\bets.temp' has been recovered (tr. 732-732)

[2020-03-29 18:39:08 #2 store] 
Database 'C:\Users\julen\eclipse-workspace\Bets2020.2.05.zip_expanded\Bets2020\src\main\resources\bets.temp' is opened by 21500@DESKTOP-VQ96A8O

[2020-03-29 18:39:08 #3 type] 
Type domain.Question is not enhanced.

[2020-03-29 18:39:08 #4 type] 
Type domain.Event is not enhanced.

[2020-03-29 18:39:08 #5 type] 
Type domain.User is not enhanced.

[2020-03-29 18:39:08 #6 type] 
Type domain.Kuota is not enhanced.

[2020-03-29 18:39:08 #7 type] 
Type domain.Registered is not enhanced.

[2020-03-29 18:39:08 #8 type] 
Type domain.Mugimendua is not enhanced.

[2020-03-29 18:39:08 #9 type] 
Type domain.MoneyTrans is not enhanced.

[2020-03-29 18:39:08 #10 type] 
Type domain.Apustua is not enhanced.

[2020-03-29 18:39:08 #11 type] 
Type domain.Admin is not enhanced.

------------------------------------------------------------------------------------------------------------------------

[2020-03-29 18:41:03 #1 store] 
Database 'C:\Users\julen\eclipse-workspace\Bets2020.2.05.zip_expanded\Bets2020\src\main\resources\bets.temp' is opened by 33964@DESKTOP-VQ96A8O

[2020-03-29 18:41:03 #2 type] 
Type domain.Question is not enhanced.

[2020-03-29 18:41:04 #3 type] 
Type domain.Event is not enhanced.

[2020-03-29 18:41:04 #4 type] 
Type domain.User is not enhanced.

[2020-03-29 18:41:04 #5 type] 
Type domain.Kuota is not enhanced.

[2020-03-29 18:41:04 #6 type] 
Type domain.Registered is not enhanced.

[2020-03-29 18:41:04 #7 type] 
Type domain.Mugimendua is not enhanced.

[2020-03-29 18:41:04 #8 type] 
Type domain.MoneyTrans is not enhanced.

[2020-03-29 18:41:04 #9 type] 
Type domain.Apustua is not enhanced.

[2020-03-29 18:41:04 #10 type] 
Type domain.Admin is not enhanced.

------------------------------------------------------------------------------------------------------------------------

[2020-03-29 18:41:37 #1 store] 
Database 'C:\Users\julen\eclipse-workspace\Bets2020.2.05.zip_expanded\Bets2020\src\main\resources\bets.temp' is opened by 16604@DESKTOP-VQ96A8O

[2020-03-29 18:41:37 #2 type] 
Type domain.Question is not enhanced.

[2020-03-29 18:41:37 #3 type] 
Type domain.Event is not enhanced.

[2020-03-29 18:41:37 #4 type] 
Type domain.User is not enhanced.

[2020-03-29 18:41:37 #5 type] 
Type domain.Kuota is not enhanced.

[2020-03-29 18:41:37 #6 type] 
Type domain.Registered is not enhanced.

[2020-03-29 18:41:37 #7 type] 
Type domain.Mugimendua is not enhanced.

[2020-03-29 18:41:37 #8 type] 
Type domain.MoneyTrans is not enhanced.

[2020-03-29 18:41:37 #9 type] 
Type domain.Apustua is not enhanced.

[2020-03-29 18:41:37 #10 type] 
Type domain.Admin is not enhanced.

------------------------------------------------------------------------------------------------------------------------

[2020-03-29 18:43:18 #1 store] 
Database 'C:\Users\julen\eclipse-workspace\Bets2020.2.05.zip_expanded\Bets2020\src\main\resources\bets.temp' is opened by 31420@DESKTOP-VQ96A8O

[2020-03-29 18:43:18 #2 type] 
Type domain.Question is not enhanced.

[2020-03-29 18:43:18 #3 type] 
Type domain.Event is not enhanced.

[2020-03-29 18:43:18 #4 type] 
Type domain.User is not enhanced.

[2020-03-29 18:43:18 #5 type] 
Type domain.Kuota is not enhanced.

[2020-03-29 18:43:18 #6 type] 
Type domain.Registered is not enhanced.

[2020-03-29 18:43:18 #7 type] 
Type domain.Mugimendua is not enhanced.

[2020-03-29 18:43:18 #8 type] 
Type domain.MoneyTrans is not enhanced.

[2020-03-29 18:43:18 #9 type] 
Type domain.Apustua is not enhanced.

[2020-03-29 18:43:18 #10 type] 
Type domain.Admin is not enhanced.

------------------------------------------------------------------------------------------------------------------------

[2020-03-29 18:44:09 #1 store] 
Database 'C:\Users\julen\eclipse-workspace\Bets2020.2.05.zip_expanded\Bets2020\src\main\resources\bets.temp' has been recovered (tr. 733-734)

[2020-03-29 18:44:09 #2 store] 
Database 'C:\Users\julen\eclipse-workspace\Bets2020.2.05.zip_expanded\Bets2020\src\main\resources\bets.temp' is opened by 21408@DESKTOP-VQ96A8O

[2020-03-29 18:44:09 #3 type] 
Type domain.Question is not enhanced.

[2020-03-29 18:44:09 #4 type] 
Type domain.Event is not enhanced.

[2020-03-29 18:44:09 #5 type] 
Type domain.User is not enhanced.

[2020-03-29 18:44:09 #6 type] 
Type domain.Kuota is not enhanced.

[2020-03-29 18:44:09 #7 type] 
Type domain.Registered is not enhanced.

[2020-03-29 18:44:09 #8 type] 
Type domain.Mugimendua is not enhanced.

[2020-03-29 18:44:09 #9 type] 
Type domain.MoneyTrans is not enhanced.

[2020-03-29 18:44:09 #10 type] 
Type domain.Apustua is not enhanced.

[2020-03-29 18:44:09 #11 type] 
Type domain.Admin is not enhanced.

------------------------------------------------------------------------------------------------------------------------

[2020-03-29 18:45:07 #1 store] 
Database 'C:\Users\julen\eclipse-workspace\Bets2020.2.05.zip_expanded\Bets2020\src\main\resources\bets.temp' is opened by 30156@DESKTOP-VQ96A8O

[2020-03-29 18:45:07 #2 type] 
Type domain.Question is not enhanced.

[2020-03-29 18:45:08 #3 type] 
Type domain.Event is not enhanced.

[2020-03-29 18:45:08 #4 type] 
Type domain.User is not enhanced.

[2020-03-29 18:45:08 #5 type] 
Type domain.Kuota is not enhanced.

[2020-03-29 18:45:08 #6 type] 
Type domain.Registered is not enhanced.

[2020-03-29 18:45:08 #7 type] 
Type domain.Mugimendua is not enhanced.

[2020-03-29 18:45:08 #8 type] 
Type domain.MoneyTrans is not enhanced.

[2020-03-29 18:45:08 #9 type] 
Type domain.Apustua is not enhanced.

[2020-03-29 18:45:08 #10 type] 
Type domain.Admin is not enhanced.

------------------------------------------------------------------------------------------------------------------------

[2020-03-29 18:46:59 #1 store] 
Database 'C:\Users\julen\eclipse-workspace\Bets2020.2.05.zip_expanded\Bets2020\src\main\resources\bets.temp' is opened by 23856@DESKTOP-VQ96A8O

[2020-03-29 18:46:59 #2 type] 
Type domain.Question is not enhanced.

[2020-03-29 18:46:59 #3 type] 
Type domain.Event is not enhanced.

[2020-03-29 18:46:59 #4 type] 
Type domain.User is not enhanced.

[2020-03-29 18:46:59 #5 type] 
Type domain.Kuota is not enhanced.

[2020-03-29 18:46:59 #6 type] 
Type domain.Registered is not enhanced.

[2020-03-29 18:46:59 #7 type] 
Type domain.Mugimendua is not enhanced.

[2020-03-29 18:46:59 #8 type] 
Type domain.MoneyTrans is not enhanced.

[2020-03-29 18:46:59 #9 type] 
Type domain.Apustua is not enhanced.

[2020-03-29 18:46:59 #10 type] 
Type domain.Admin is not enhanced.

------------------------------------------------------------------------------------------------------------------------

[2020-03-29 18:48:34 #1 store] 
Database 'C:\Users\julen\eclipse-workspace\Bets2020.2.05.zip_expanded\Bets2020\src\main\resources\bets.temp' has been recovered (tr. 735-739)

[2020-03-29 18:48:34 #2 store] 
Database 'C:\Users\julen\eclipse-workspace\Bets2020.2.05.zip_expanded\Bets2020\src\main\resources\bets.temp' is opened by 34644@DESKTOP-VQ96A8O

[2020-03-29 18:48:34 #3 type] 
Type domain.Question is not enhanced.

[2020-03-29 18:48:34 #4 type] 
Type domain.Event is not enhanced.

[2020-03-29 18:48:34 #5 type] 
Type domain.User is not enhanced.

[2020-03-29 18:48:34 #6 type] 
Type domain.Kuota is not enhanced.

[2020-03-29 18:48:34 #7 type] 
Type domain.Registered is not enhanced.

[2020-03-29 18:48:34 #8 type] 
Type domain.Mugimendua is not enhanced.

[2020-03-29 18:48:34 #9 type] 
Type domain.MoneyTrans is not enhanced.

[2020-03-29 18:48:34 #10 type] 
Type domain.Apustua is not enhanced.

[2020-03-29 18:48:34 #11 type] 
Type domain.Admin is not enhanced.

------------------------------------------------------------------------------------------------------------------------

[2020-03-29 18:49:50 #1 store] 
Database 'C:\Users\julen\eclipse-workspace\Bets2020.2.05.zip_expanded\Bets2020\src\main\resources\bets.temp' has been recovered (tr. 740-740)

[2020-03-29 18:49:50 #2 store] 
Database 'C:\Users\julen\eclipse-workspace\Bets2020.2.05.zip_expanded\Bets2020\src\main\resources\bets.temp' is opened by 14248@DESKTOP-VQ96A8O

[2020-03-29 18:49:50 #3 type] 
Type domain.Question is not enhanced.

[2020-03-29 18:49:50 #4 type] 
Type domain.Event is not enhanced.

[2020-03-29 18:49:50 #5 type] 
Type domain.User is not enhanced.

[2020-03-29 18:49:50 #6 type] 
Type domain.Kuota is not enhanced.

[2020-03-29 18:49:50 #7 type] 
Type domain.Registered is not enhanced.

[2020-03-29 18:49:50 #8 type] 
Type domain.Mugimendua is not enhanced.

[2020-03-29 18:49:50 #9 type] 
Type domain.MoneyTrans is not enhanced.

[2020-03-29 18:49:50 #10 type] 
Type domain.Apustua is not enhanced.

[2020-03-29 18:49:50 #11 type] 
Type domain.Admin is not enhanced.

------------------------------------------------------------------------------------------------------------------------

[2020-03-29 19:09:29 #1 store] 
Database 'C:\Users\julen\eclipse-workspace\Bets2020.2.05.zip_expanded\Bets2020\src\main\resources\bets.temp' has been recovered (tr. 741-742)

[2020-03-29 19:09:29 #2 store] 
Database 'C:\Users\julen\eclipse-workspace\Bets2020.2.05.zip_expanded\Bets2020\src\main\resources\bets.temp' is opened by 22368@DESKTOP-VQ96A8O

[2020-03-29 19:09:29 #3 type] 
Type domain.Question is not enhanced.

[2020-03-29 19:09:29 #4 type] 
Type domain.Event is not enhanced.

[2020-03-29 19:09:29 #5 type] 
Type domain.User is not enhanced.

[2020-03-29 19:09:29 #6 type] 
Type domain.Kuota is not enhanced.

[2020-03-29 19:09:29 #7 type] 
Type domain.Registered is not enhanced.

[2020-03-29 19:09:29 #8 type] 
Type domain.Mugimendua is not enhanced.

[2020-03-29 19:09:29 #9 type] 
Type domain.MoneyTrans is not enhanced.

[2020-03-29 19:09:29 #10 type] 
Type domain.Apustua is not enhanced.

[2020-03-29 19:09:29 #11 type] 
Type domain.Admin is not enhanced.

------------------------------------------------------------------------------------------------------------------------

[2020-03-29 19:09:44 #1 store] 
Database 'C:\Users\julen\eclipse-workspace\Bets2020.2.05.zip_expanded\Bets2020\src\main\resources\bets.temp' has been recovered (tr. 743-743)

[2020-03-29 19:09:44 #2 store] 
Database 'C:\Users\julen\eclipse-workspace\Bets2020.2.05.zip_expanded\Bets2020\src\main\resources\bets.temp' is opened by 15816@DESKTOP-VQ96A8O

[2020-03-29 19:09:44 #3 type] 
Type domain.Question is not enhanced.

[2020-03-29 19:09:44 #4 type] 
Type domain.Event is not enhanced.

[2020-03-29 19:09:44 #5 type] 
Type domain.User is not enhanced.

[2020-03-29 19:09:44 #6 type] 
Type domain.Kuota is not enhanced.

[2020-03-29 19:09:44 #7 type] 
Type domain.Registered is not enhanced.

[2020-03-29 19:09:44 #8 type] 
Type domain.Mugimendua is not enhanced.

[2020-03-29 19:09:44 #9 type] 
Type domain.MoneyTrans is not enhanced.

[2020-03-29 19:09:44 #10 type] 
Type domain.Apustua is not enhanced.

[2020-03-29 19:09:44 #11 type] 
Type domain.Admin is not enhanced.

------------------------------------------------------------------------------------------------------------------------

[2020-03-29 19:11:17 #1 store] 
Database 'C:\Users\julen\eclipse-workspace\Bets2020.2.05.zip_expanded\Bets2020\src\main\resources\bets.temp' is opened by 32400@DESKTOP-VQ96A8O

[2020-03-29 19:11:17 #2 type] 
Type domain.Question is not enhanced.

[2020-03-29 19:11:17 #3 type] 
Type domain.Event is not enhanced.

[2020-03-29 19:11:17 #4 type] 
Type domain.User is not enhanced.

[2020-03-29 19:11:17 #5 type] 
Type domain.Kuota is not enhanced.

[2020-03-29 19:11:17 #6 type] 
Type domain.Registered is not enhanced.

[2020-03-29 19:11:17 #7 type] 
Type domain.Mugimendua is not enhanced.

[2020-03-29 19:11:17 #8 type] 
Type domain.MoneyTrans is not enhanced.

[2020-03-29 19:11:17 #9 type] 
Type domain.Apustua is not enhanced.

[2020-03-29 19:11:17 #10 type] 
Type domain.Admin is not enhanced.

------------------------------------------------------------------------------------------------------------------------

[2020-03-29 19:50:23 #1 store] 
Database 'C:\Users\julen\git\Bets2020Iter2\Bets2020\src\main\resources\bets.temp' is opened by 6932@DESKTOP-VQ96A8O

[2020-03-29 19:50:23 #2 type] 
Type domain.Question is not enhanced.

[2020-03-29 19:50:23 #3 type] 
Type domain.Event is not enhanced.

[2020-03-29 19:50:23 #4 type] 
Type domain.User is not enhanced.

[2020-03-29 19:50:23 #5 type] 
Type domain.Kuota is not enhanced.

[2020-03-29 19:50:23 #6 type] 
Type domain.Registered is not enhanced.

[2020-03-29 19:50:23 #7 type] 
Type domain.Mugimendua is not enhanced.

[2020-03-29 19:50:23 #8 type] 
Type domain.MoneyTrans is not enhanced.

[2020-03-29 19:50:23 #9 type] 
Type domain.Apustua is not enhanced.

[2020-03-29 19:50:23 #10 type] 
Type domain.Admin is not enhanced.

------------------------------------------------------------------------------------------------------------------------

[2020-03-29 19:52:53 #1 store] 
Database 'C:\Users\julen\git\Bets2020Iter2\Bets2020\src\main\resources\bets.temp' is opened by 29436@DESKTOP-VQ96A8O

[2020-03-29 19:52:53 #2 type] 
Type domain.Question is not enhanced.

[2020-03-29 19:52:53 #3 type] 
Type domain.Event is not enhanced.

[2020-03-29 19:52:53 #4 type] 
Type domain.User is not enhanced.

[2020-03-29 19:52:53 #5 type] 
Type domain.Kuota is not enhanced.

[2020-03-29 19:52:53 #6 type] 
Type domain.Registered is not enhanced.

[2020-03-29 19:52:53 #7 type] 
Type domain.Mugimendua is not enhanced.

[2020-03-29 19:52:53 #8 type] 
Type domain.MoneyTrans is not enhanced.

[2020-03-29 19:52:53 #9 type] 
Type domain.Apustua is not enhanced.

[2020-03-29 19:52:53 #10 type] 
Type domain.Admin is not enhanced.

------------------------------------------------------------------------------------------------------------------------

[2020-03-29 19:53:58 #1 store] 
Database 'C:\Users\julen\git\Bets2020Iter2\Bets2020\src\main\resources\bets.temp' has been recovered (tr. 746-749)

[2020-03-29 19:53:58 #2 store] 
Database 'C:\Users\julen\git\Bets2020Iter2\Bets2020\src\main\resources\bets.temp' is opened by 22412@DESKTOP-VQ96A8O

[2020-03-29 19:53:58 #3 type] 
Type domain.Question is not enhanced.

[2020-03-29 19:53:58 #4 type] 
Type domain.Event is not enhanced.

[2020-03-29 19:53:58 #5 type] 
Type domain.User is not enhanced.

[2020-03-29 19:53:58 #6 type] 
Type domain.Kuota is not enhanced.

[2020-03-29 19:53:58 #7 type] 
Type domain.Registered is not enhanced.

[2020-03-29 19:53:58 #8 type] 
Type domain.Mugimendua is not enhanced.

[2020-03-29 19:53:58 #9 type] 
Type domain.MoneyTrans is not enhanced.

[2020-03-29 19:53:58 #10 type] 
Type domain.Apustua is not enhanced.

[2020-03-29 19:53:58 #11 type] 
Type domain.Admin is not enhanced.

