------------------------------------------------------------------------------------------------------------------------

[2020-05-01 12:42:41 #1 store] 
Database 'C:\Users\julen\git\Bets2020Iter2\Bets2020\src\main\resources\bets.temp' is opened by 6916@DESKTOP-VQ96A8O

[2020-05-01 12:42:41 #2 type] 
Type domain.Question is not enhanced.

[2020-05-01 12:42:41 #3 type] 
Type domain.Event is not enhanced.

[2020-05-01 12:42:41 #4 type] 
Type domain.User is not enhanced.

[2020-05-01 12:42:41 #5 type] 
Type domain.Kuota is not enhanced.

[2020-05-01 12:42:41 #6 type] 
Type domain.Registered is not enhanced.

[2020-05-01 12:42:41 #7 type] 
Type domain.Mugimendua is not enhanced.

[2020-05-01 12:42:41 #8 type] 
Type domain.MoneyTrans is not enhanced.

[2020-05-01 12:42:41 #9 type] 
Type domain.Apustua is not enhanced.

[2020-05-01 12:42:41 #10 type] 
Type domain.Admin is not enhanced.

------------------------------------------------------------------------------------------------------------------------

[2020-05-01 12:43:23 #1 store] 
Database 'C:\Users\julen\git\Bets2020Iter2\Bets2020\src\main\resources\bets.temp' is opened by 28292@DESKTOP-VQ96A8O

[2020-05-01 12:43:24 #2 type] 
Type domain.Question is not enhanced.

[2020-05-01 12:43:24 #3 type] 
Type domain.Event is not enhanced.

[2020-05-01 12:43:24 #4 type] 
Type domain.User is not enhanced.

[2020-05-01 12:43:24 #5 type] 
Type domain.Kuota is not enhanced.

[2020-05-01 12:43:24 #6 type] 
Type domain.Registered is not enhanced.

[2020-05-01 12:43:24 #7 type] 
Type domain.Mugimendua is not enhanced.

[2020-05-01 12:43:24 #8 type] 
Type domain.MoneyTrans is not enhanced.

[2020-05-01 12:43:24 #9 type] 
Type domain.Apustua is not enhanced.

[2020-05-01 12:43:24 #10 type] 
Type domain.Admin is not enhanced.

------------------------------------------------------------------------------------------------------------------------

[2020-05-01 12:44:16 #1 store] 
Database 'C:\Users\julen\git\Bets2020Iter2\Bets2020\src\main\resources\bets.temp' has been recovered (tr. 878-884)

[2020-05-01 12:44:16 #2 store] 
Database 'C:\Users\julen\git\Bets2020Iter2\Bets2020\src\main\resources\bets.temp' is opened by 36032@DESKTOP-VQ96A8O

[2020-05-01 12:44:16 #3 type] 
Type domain.Question is not enhanced.

[2020-05-01 12:44:16 #4 type] 
Type domain.Event is not enhanced.

[2020-05-01 12:44:16 #5 type] 
Type domain.User is not enhanced.

[2020-05-01 12:44:16 #6 type] 
Type domain.Kuota is not enhanced.

[2020-05-01 12:44:16 #7 type] 
Type domain.Registered is not enhanced.

[2020-05-01 12:44:16 #8 type] 
Type domain.Mugimendua is not enhanced.

[2020-05-01 12:44:16 #9 type] 
Type domain.MoneyTrans is not enhanced.

[2020-05-01 12:44:16 #10 type] 
Type domain.Apustua is not enhanced.

[2020-05-01 12:44:16 #11 type] 
Type domain.Admin is not enhanced.

------------------------------------------------------------------------------------------------------------------------

[2020-05-01 12:57:54 #1 store] 
Database 'C:\Users\julen\git\Bets2020Iter2\Bets2020\src\main\resources\bets.temp' has been recovered (tr. 885-886)

[2020-05-01 12:57:54 #2 store] 
Database 'C:\Users\julen\git\Bets2020Iter2\Bets2020\src\main\resources\bets.temp' is opened by 25120@DESKTOP-VQ96A8O

[2020-05-01 12:57:54 #3 type] 
Type domain.Question is not enhanced.

[2020-05-01 12:57:54 #4 type] 
Type domain.Event is not enhanced.

[2020-05-01 12:57:54 #5 type] 
Type domain.User is not enhanced.

[2020-05-01 12:57:54 #6 type] 
Type domain.Kuota is not enhanced.

[2020-05-01 12:57:54 #7 type] 
Type domain.Registered is not enhanced.

[2020-05-01 12:57:54 #8 type] 
Type domain.Mugimendua is not enhanced.

[2020-05-01 12:57:54 #9 type] 
Type domain.MoneyTrans is not enhanced.

[2020-05-01 12:57:54 #10 type] 
Type domain.Apustua is not enhanced.

[2020-05-01 12:57:54 #11 type] 
Type domain.Admin is not enhanced.

------------------------------------------------------------------------------------------------------------------------

[2020-05-01 12:59:05 #1 store] 
Database 'C:\Users\julen\git\Bets2020Iter2\Bets2020\src\main\resources\bets.temp' is opened by 15836@DESKTOP-VQ96A8O

[2020-05-01 12:59:05 #2 type] 
Type domain.Question is not enhanced.

[2020-05-01 12:59:05 #3 type] 
Type domain.Event is not enhanced.

[2020-05-01 12:59:05 #4 type] 
Type domain.User is not enhanced.

[2020-05-01 12:59:05 #5 type] 
Type domain.Kuota is not enhanced.

[2020-05-01 12:59:05 #6 type] 
Type domain.Registered is not enhanced.

[2020-05-01 12:59:05 #7 type] 
Type domain.Mugimendua is not enhanced.

[2020-05-01 12:59:05 #8 type] 
Type domain.MoneyTrans is not enhanced.

[2020-05-01 12:59:05 #9 type] 
Type domain.Apustua is not enhanced.

[2020-05-01 12:59:05 #10 type] 
Type domain.Admin is not enhanced.

------------------------------------------------------------------------------------------------------------------------

[2020-05-01 13:00:07 #1 store] 
Database 'C:\Users\julen\git\Bets2020Iter2\Bets2020\src\main\resources\bets.temp' is opened by 5180@DESKTOP-VQ96A8O

[2020-05-01 13:00:07 #2 type] 
Type domain.Question is not enhanced.

[2020-05-01 13:00:07 #3 type] 
Type domain.Event is not enhanced.

[2020-05-01 13:00:07 #4 type] 
Type domain.User is not enhanced.

[2020-05-01 13:00:07 #5 type] 
Type domain.Kuota is not enhanced.

[2020-05-01 13:00:07 #6 type] 
Type domain.Registered is not enhanced.

[2020-05-01 13:00:07 #7 type] 
Type domain.Mugimendua is not enhanced.

[2020-05-01 13:00:07 #8 type] 
Type domain.MoneyTrans is not enhanced.

[2020-05-01 13:00:07 #9 type] 
Type domain.Apustua is not enhanced.

[2020-05-01 13:00:07 #10 type] 
Type domain.Admin is not enhanced.

------------------------------------------------------------------------------------------------------------------------

[2020-05-01 13:05:36 #1 store] 
Database 'C:\Users\julen\git\Bets2020Iter2\Bets2020\src\main\resources\bets.temp' has been recovered (tr. 887-887)

[2020-05-01 13:05:36 #2 store] 
Database 'C:\Users\julen\git\Bets2020Iter2\Bets2020\src\main\resources\bets.temp' is opened by 38572@DESKTOP-VQ96A8O

[2020-05-01 13:05:36 #3 type] 
Type domain.Question is not enhanced.

[2020-05-01 13:05:36 #4 type] 
Type domain.Event is not enhanced.

[2020-05-01 13:05:36 #5 type] 
Type domain.User is not enhanced.

[2020-05-01 13:05:36 #6 type] 
Type domain.Kuota is not enhanced.

[2020-05-01 13:05:36 #7 type] 
Type domain.Registered is not enhanced.

[2020-05-01 13:05:36 #8 type] 
Type domain.Mugimendua is not enhanced.

[2020-05-01 13:05:36 #9 type] 
Type domain.MoneyTrans is not enhanced.

[2020-05-01 13:05:36 #10 type] 
Type domain.Apustua is not enhanced.

[2020-05-01 13:05:36 #11 type] 
Type domain.Admin is not enhanced.

------------------------------------------------------------------------------------------------------------------------

[2020-05-01 13:08:49 #1 store] 
Database 'C:\Users\julen\git\Bets2020Iter2\Bets2020\src\main\resources\bets.temp' is opened by 32364@DESKTOP-VQ96A8O

[2020-05-01 13:08:49 #2 type] 
Type domain.Question is not enhanced.

[2020-05-01 13:08:49 #3 type] 
Type domain.Event is not enhanced.

[2020-05-01 13:08:49 #4 type] 
Type domain.User is not enhanced.

[2020-05-01 13:08:49 #5 type] 
Type domain.Kuota is not enhanced.

[2020-05-01 13:08:49 #6 type] 
Type domain.Registered is not enhanced.

[2020-05-01 13:08:49 #7 type] 
Type domain.Mugimendua is not enhanced.

[2020-05-01 13:08:49 #8 type] 
Type domain.MoneyTrans is not enhanced.

[2020-05-01 13:08:49 #9 type] 
Type domain.Apustua is not enhanced.

[2020-05-01 13:08:49 #10 type] 
Type domain.Admin is not enhanced.

------------------------------------------------------------------------------------------------------------------------

[2020-05-01 13:09:48 #1 store] 
Database 'C:\Users\julen\git\Bets2020Iter2\Bets2020\src\main\resources\bets.temp' is opened by 7136@DESKTOP-VQ96A8O

[2020-05-01 13:09:48 #2 type] 
Type domain.Question is not enhanced.

[2020-05-01 13:09:48 #3 type] 
Type domain.Event is not enhanced.

[2020-05-01 13:09:48 #4 type] 
Type domain.User is not enhanced.

[2020-05-01 13:09:48 #5 type] 
Type domain.Kuota is not enhanced.

[2020-05-01 13:09:48 #6 type] 
Type domain.Registered is not enhanced.

[2020-05-01 13:09:48 #7 type] 
Type domain.Mugimendua is not enhanced.

[2020-05-01 13:09:48 #8 type] 
Type domain.MoneyTrans is not enhanced.

[2020-05-01 13:09:48 #9 type] 
Type domain.Apustua is not enhanced.

[2020-05-01 13:09:48 #10 type] 
Type domain.Admin is not enhanced.

------------------------------------------------------------------------------------------------------------------------

[2020-05-01 13:12:56 #1 store] 
Database 'C:\Users\julen\git\Bets2020Iter2\Bets2020\src\main\resources\bets.temp' is opened by 12552@DESKTOP-VQ96A8O

[2020-05-01 13:12:56 #2 type] 
Type domain.Question is not enhanced.

[2020-05-01 13:12:56 #3 type] 
Type domain.Event is not enhanced.

[2020-05-01 13:12:56 #4 type] 
Type domain.User is not enhanced.

[2020-05-01 13:12:56 #5 type] 
Type domain.Kuota is not enhanced.

[2020-05-01 13:12:56 #6 type] 
Type domain.Registered is not enhanced.

[2020-05-01 13:12:56 #7 type] 
Type domain.Mugimendua is not enhanced.

[2020-05-01 13:12:56 #8 type] 
Type domain.MoneyTrans is not enhanced.

[2020-05-01 13:12:56 #9 type] 
Type domain.Apustua is not enhanced.

[2020-05-01 13:12:56 #10 type] 
Type domain.Admin is not enhanced.

------------------------------------------------------------------------------------------------------------------------

[2020-05-01 13:17:08 #1 store] 
Database 'C:\Users\julen\git\Bets2020Iter2\Bets2020\src\main\resources\bets.temp' is opened by 11416@DESKTOP-VQ96A8O

[2020-05-01 13:17:08 #2 type] 
Type domain.Question is not enhanced.

[2020-05-01 13:17:08 #3 type] 
Type domain.Event is not enhanced.

[2020-05-01 13:17:08 #4 type] 
Type domain.User is not enhanced.

[2020-05-01 13:17:08 #5 type] 
Type domain.Kuota is not enhanced.

[2020-05-01 13:17:08 #6 type] 
Type domain.Registered is not enhanced.

[2020-05-01 13:17:08 #7 type] 
Type domain.Mugimendua is not enhanced.

[2020-05-01 13:17:08 #8 type] 
Type domain.MoneyTrans is not enhanced.

[2020-05-01 13:17:08 #9 type] 
Type domain.Apustua is not enhanced.

[2020-05-01 13:17:08 #10 type] 
Type domain.Admin is not enhanced.

------------------------------------------------------------------------------------------------------------------------

[2020-05-01 13:19:48 #1 store] 
Database 'C:\Users\julen\git\Bets2020Iter2\Bets2020\src\main\resources\bets.temp' is opened by 33924@DESKTOP-VQ96A8O

[2020-05-01 13:19:48 #2 type] 
Type domain.Question is not enhanced.

[2020-05-01 13:19:48 #3 type] 
Type domain.Event is not enhanced.

[2020-05-01 13:19:48 #4 type] 
Type domain.User is not enhanced.

[2020-05-01 13:19:48 #5 type] 
Type domain.Kuota is not enhanced.

[2020-05-01 13:19:48 #6 type] 
Type domain.Registered is not enhanced.

[2020-05-01 13:19:48 #7 type] 
Type domain.Mugimendua is not enhanced.

[2020-05-01 13:19:48 #8 type] 
Type domain.MoneyTrans is not enhanced.

[2020-05-01 13:19:48 #9 type] 
Type domain.Apustua is not enhanced.

[2020-05-01 13:19:48 #10 type] 
Type domain.Admin is not enhanced.

------------------------------------------------------------------------------------------------------------------------

[2020-05-01 13:20:06 #1 store] 
Database 'C:\Users\julen\git\Bets2020Iter2\Bets2020\src\main\resources\bets.temp' is opened by 34764@DESKTOP-VQ96A8O

[2020-05-01 13:20:06 #2 type] 
Type domain.Question is not enhanced.

[2020-05-01 13:20:06 #3 type] 
Type domain.Event is not enhanced.

[2020-05-01 13:20:06 #4 type] 
Type domain.User is not enhanced.

[2020-05-01 13:20:06 #5 type] 
Type domain.Kuota is not enhanced.

[2020-05-01 13:20:06 #6 type] 
Type domain.Registered is not enhanced.

[2020-05-01 13:20:06 #7 type] 
Type domain.Mugimendua is not enhanced.

[2020-05-01 13:20:06 #8 type] 
Type domain.MoneyTrans is not enhanced.

[2020-05-01 13:20:06 #9 type] 
Type domain.Apustua is not enhanced.

[2020-05-01 13:20:06 #10 type] 
Type domain.Admin is not enhanced.

------------------------------------------------------------------------------------------------------------------------

[2020-05-01 13:34:34 #1 store] 
Database 'C:\Users\julen\git\Bets2020Iter2\Bets2020\src\main\resources\bets.temp' is opened by 32300@DESKTOP-VQ96A8O

[2020-05-01 13:34:34 #2 type] 
Type domain.Question is not enhanced.

[2020-05-01 13:34:34 #3 type] 
Type domain.Event is not enhanced.

[2020-05-01 13:34:34 #4 type] 
Type domain.User is not enhanced.

[2020-05-01 13:34:34 #5 type] 
Type domain.Kuota is not enhanced.

[2020-05-01 13:34:34 #6 type] 
Type domain.Registered is not enhanced.

[2020-05-01 13:34:34 #7 type] 
Type domain.Mugimendua is not enhanced.

[2020-05-01 13:34:34 #8 type] 
Type domain.MoneyTrans is not enhanced.

[2020-05-01 13:34:34 #9 type] 
Type domain.Apustua is not enhanced.

[2020-05-01 13:34:34 #10 type] 
Type domain.Admin is not enhanced.

[2020-05-01 13:34:58 #11 type.registry] 
New type domain.MultipleBet

[2020-05-01 13:34:58 #12 type] 
Type domain.MultipleBet is not enhanced.

------------------------------------------------------------------------------------------------------------------------

[2020-05-01 13:45:56 #1 store] 
Database 'C:\Users\julen\git\Bets2020Iter2\Bets2020\src\main\resources\bets.temp' has been recovered (tr. 888-889)

[2020-05-01 13:45:56 #2 store] 
Database 'C:\Users\julen\git\Bets2020Iter2\Bets2020\src\main\resources\bets.temp' is opened by 27028@DESKTOP-VQ96A8O

[2020-05-01 13:45:56 #3 type] 
Type domain.Question is not enhanced.

[2020-05-01 13:45:56 #4 type] 
Type domain.Event is not enhanced.

[2020-05-01 13:45:56 #5 type] 
Type domain.User is not enhanced.

[2020-05-01 13:45:56 #6 type] 
Type domain.Kuota is not enhanced.

[2020-05-01 13:45:56 #7 type] 
Type domain.Registered is not enhanced.

[2020-05-01 13:45:56 #8 type] 
Type domain.Mugimendua is not enhanced.

[2020-05-01 13:45:56 #9 type] 
Type domain.MoneyTrans is not enhanced.

[2020-05-01 13:45:56 #10 type] 
Type domain.Apustua is not enhanced.

[2020-05-01 13:45:56 #11 type] 
Type domain.Admin is not enhanced.

[2020-05-01 13:45:56 #12 type] 
Type domain.MultipleBet is not enhanced.

------------------------------------------------------------------------------------------------------------------------

[2020-05-01 13:56:53 #1 store] 
Database 'C:\Users\julen\git\Bets2020Iter2\Bets2020\src\main\resources\bets.temp' is opened by 23680@DESKTOP-VQ96A8O

[2020-05-01 13:56:53 #2 type] 
Type domain.Question is not enhanced.

[2020-05-01 13:56:53 #3 type] 
Type domain.Event is not enhanced.

[2020-05-01 13:56:53 #4 type] 
Type domain.User is not enhanced.

[2020-05-01 13:56:53 #5 type] 
Type domain.Kuota is not enhanced.

[2020-05-01 13:56:53 #6 type] 
Type domain.Registered is not enhanced.

[2020-05-01 13:56:53 #7 type] 
Type domain.Mugimendua is not enhanced.

[2020-05-01 13:56:53 #8 type] 
Type domain.MoneyTrans is not enhanced.

[2020-05-01 13:56:53 #9 type] 
Type domain.Apustua is not enhanced.

[2020-05-01 13:56:53 #10 type] 
Type domain.Admin is not enhanced.

[2020-05-01 13:56:53 #11 type] 
Type domain.MultipleBet is not enhanced.

