------------------------------------------------------------------------------------------------------------------------

[2020-02-21 12:40:11 #1 store] 
Database 'C:\Users\julen\Desktop\SIjava\Bets2020-master.zip_expanded\Bets2020-master\src\main\resources\bets.temp' is opened by 5524@DESKTOP-NMKPIHB

[2020-02-21 12:40:12 #2 type.registry] 
New type domain.Question

[2020-02-21 12:40:12 #3 type] 
Type domain.Question is not enhanced.

[2020-02-21 12:40:12 #4 type.registry] 
New type domain.Event

[2020-02-21 12:40:12 #5 type] 
Type domain.Event is not enhanced.

[2020-02-21 12:40:12 #6 type.registry] 
New type java.util.Vector<domain.Question>

[2020-02-21 12:40:12 #7 type.registry] 
New type java.util.Vector<java.lang.Object>

------------------------------------------------------------------------------------------------------------------------

[2020-02-21 12:45:53 #1 store] 
Database 'C:\Users\julen\Desktop\SIjava\Bets2020-master.zip_expanded\Bets2020-master\src\main\resources\bets.temp' is opened by 5644@DESKTOP-NMKPIHB

[2020-02-21 12:45:53 #2 type.registry] 
New type domain.Question

[2020-02-21 12:45:53 #3 type] 
Type domain.Question is not enhanced.

[2020-02-21 12:45:53 #4 type.registry] 
New type domain.Event

[2020-02-21 12:45:53 #5 type] 
Type domain.Event is not enhanced.

[2020-02-21 12:45:53 #6 type.registry] 
New type java.util.Vector<domain.Question>

[2020-02-21 12:45:53 #7 type.registry] 
New type java.util.Vector<java.lang.Object>

------------------------------------------------------------------------------------------------------------------------

[2020-02-21 12:52:46 #1 store] 
Database 'C:\Users\julen\Desktop\SIjava\Bets2020-master.zip_expanded\Bets2020-master\src\main\resources\bets.temp' is opened by 8104@DESKTOP-NMKPIHB

[2020-02-21 12:52:47 #2 type.registry] 
New type domain.Question

[2020-02-21 12:52:47 #3 type] 
Type domain.Question is not enhanced.

[2020-02-21 12:52:47 #4 type.registry] 
New type domain.Event

[2020-02-21 12:52:47 #5 type] 
Type domain.Event is not enhanced.

[2020-02-21 12:52:47 #6 type.registry] 
New type java.util.Vector<domain.Question>

[2020-02-21 12:52:47 #7 type.registry] 
New type java.util.Vector<java.lang.Object>

------------------------------------------------------------------------------------------------------------------------

[2020-02-21 12:58:06 #1 store] 
Database 'C:\Users\julen\Desktop\SIjava\Bets2020-master.zip_expanded\Bets2020-master\src\main\resources\bets.temp' is opened by 4688@DESKTOP-NMKPIHB

[2020-02-21 12:58:06 #2 type.registry] 
New type domain.Question

[2020-02-21 12:58:06 #3 type] 
Type domain.Question is not enhanced.

[2020-02-21 12:58:06 #4 type.registry] 
New type domain.Event

[2020-02-21 12:58:06 #5 type] 
Type domain.Event is not enhanced.

[2020-02-21 12:58:06 #6 type.registry] 
New type java.util.Vector<domain.Question>

[2020-02-21 12:58:06 #7 type.registry] 
New type java.util.Vector<java.lang.Object>

------------------------------------------------------------------------------------------------------------------------

[2020-02-21 12:58:24 #1 store] 
Database 'C:\Users\julen\Desktop\SIjava\Bets2020-master.zip_expanded\Bets2020-master\src\main\resources\bets.temp' is opened by 9596@DESKTOP-NMKPIHB

[2020-02-21 12:58:24 #2 type.registry] 
New type domain.Question

[2020-02-21 12:58:24 #3 type] 
Type domain.Question is not enhanced.

[2020-02-21 12:58:24 #4 type.registry] 
New type domain.Event

[2020-02-21 12:58:24 #5 type] 
Type domain.Event is not enhanced.

[2020-02-21 12:58:24 #6 type.registry] 
New type java.util.Vector<domain.Question>

[2020-02-21 12:58:24 #7 type.registry] 
New type java.util.Vector<java.lang.Object>

------------------------------------------------------------------------------------------------------------------------

[2020-02-21 13:14:47 #1 store] 
Database 'C:\Users\julen\Desktop\SIjava\Bets2020-master.zip_expanded\Bets2020-master\src\main\resources\bets.temp' is opened by 9084@DESKTOP-NMKPIHB

[2020-02-21 13:14:47 #2 type.registry] 
New type domain.Question

[2020-02-21 13:14:47 #3 type] 
Type domain.Question is not enhanced.

[2020-02-21 13:14:47 #4 type.registry] 
New type domain.Event

[2020-02-21 13:14:47 #5 type] 
Type domain.Event is not enhanced.

[2020-02-21 13:14:47 #6 type.registry] 
New type java.util.Vector<domain.Question>

[2020-02-21 13:14:47 #7 type.registry] 
New type java.util.Vector<java.lang.Object>

------------------------------------------------------------------------------------------------------------------------

[2020-02-21 13:32:02 #1 store] 
Database 'C:\Users\julen\Desktop\SIjava\Bets2020-master.zip_expanded\Bets2020-master\src\main\resources\bets.temp' is opened by 8492@DESKTOP-NMKPIHB

[2020-02-21 13:32:02 #2 type.registry] 
New type domain.Question

[2020-02-21 13:32:02 #3 type] 
Type domain.Question is not enhanced.

[2020-02-21 13:32:02 #4 type.registry] 
New type domain.Event

[2020-02-21 13:32:02 #5 type] 
Type domain.Event is not enhanced.

[2020-02-21 13:32:02 #6 type.registry] 
New type java.util.Vector<domain.Question>

[2020-02-21 13:32:02 #7 type.registry] 
New type java.util.Vector<java.lang.Object>

[2020-02-21 13:32:11 #8 type.registry] 
New type domain.User

[2020-02-21 13:32:11 #9 type] 
Type domain.User is not enhanced.

------------------------------------------------------------------------------------------------------------------------

[2020-02-21 13:33:25 #1 store] 
Database 'C:\Users\julen\Desktop\SIjava\Bets2020-master.zip_expanded\Bets2020-master\src\main\resources\bets.temp' is opened by 5008@DESKTOP-NMKPIHB

[2020-02-21 13:33:25 #2 type.registry] 
New type domain.Question

[2020-02-21 13:33:25 #3 type] 
Type domain.Question is not enhanced.

[2020-02-21 13:33:25 #4 type.registry] 
New type domain.Event

[2020-02-21 13:33:25 #5 type] 
Type domain.Event is not enhanced.

[2020-02-21 13:33:25 #6 type.registry] 
New type java.util.Vector<domain.Question>

[2020-02-21 13:33:25 #7 type.registry] 
New type java.util.Vector<java.lang.Object>

[2020-02-21 13:33:39 #8 type.registry] 
New type domain.User

[2020-02-21 13:33:39 #9 type] 
Type domain.User is not enhanced.

------------------------------------------------------------------------------------------------------------------------

[2020-02-21 13:36:32 #1 store] 
Database 'C:\Users\julen\Desktop\SIjava\Bets2020-master.zip_expanded\Bets2020-master\src\main\resources\bets.temp' is opened by 3784@DESKTOP-NMKPIHB

[2020-02-21 13:36:32 #2 type.registry] 
New type domain.Question

[2020-02-21 13:36:32 #3 type] 
Type domain.Question is not enhanced.

[2020-02-21 13:36:32 #4 type.registry] 
New type domain.Event

[2020-02-21 13:36:32 #5 type] 
Type domain.Event is not enhanced.

[2020-02-21 13:36:32 #6 type.registry] 
New type java.util.Vector<domain.Question>

[2020-02-21 13:36:32 #7 type.registry] 
New type java.util.Vector<java.lang.Object>

[2020-02-21 13:36:46 #8 type.registry] 
New type domain.User

[2020-02-21 13:36:47 #9 type] 
Type domain.User is not enhanced.

------------------------------------------------------------------------------------------------------------------------

[2020-02-21 13:39:30 #1 store] 
Database 'C:\Users\julen\Desktop\SIjava\Bets2020-master.zip_expanded\Bets2020-master\src\main\resources\bets.temp' has been recovered (tr. 1-8)

[2020-02-21 13:39:30 #2 store] 
Database 'C:\Users\julen\Desktop\SIjava\Bets2020-master.zip_expanded\Bets2020-master\src\main\resources\bets.temp' is opened by 1276@DESKTOP-NMKPIHB

[2020-02-21 13:39:30 #3 type] 
Type domain.Question is not enhanced.

[2020-02-21 13:39:30 #4 type] 
Type domain.Event is not enhanced.

[2020-02-21 13:39:30 #5 type] 
Type domain.User is not enhanced.

------------------------------------------------------------------------------------------------------------------------

[2020-02-21 13:40:29 #1 store] 
Database 'C:\Users\julen\Desktop\SIjava\Bets2020-master.zip_expanded\Bets2020-master\src\main\resources\bets.temp' is opened by 9032@DESKTOP-NMKPIHB

[2020-02-21 13:40:29 #2 type] 
Type domain.Question is not enhanced.

[2020-02-21 13:40:29 #3 type] 
Type domain.Event is not enhanced.

[2020-02-21 13:40:29 #4 type] 
Type domain.User is not enhanced.

------------------------------------------------------------------------------------------------------------------------

[2020-02-21 13:44:18 #1 store] 
Database 'C:\Users\julen\Desktop\SIjava\Bets2020-master.zip_expanded\Bets2020-master\src\main\resources\bets.temp' has been recovered (tr. 9-9)

[2020-02-21 13:44:18 #2 store] 
Database 'C:\Users\julen\Desktop\SIjava\Bets2020-master.zip_expanded\Bets2020-master\src\main\resources\bets.temp' is opened by 8940@DESKTOP-NMKPIHB

[2020-02-21 13:44:18 #3 type] 
Type domain.Question is not enhanced.

[2020-02-21 13:44:18 #4 type] 
Type domain.Event is not enhanced.

[2020-02-21 13:44:18 #5 type] 
Type domain.User is not enhanced.

------------------------------------------------------------------------------------------------------------------------

[2020-02-21 13:46:06 #1 store] 
Database 'C:\Users\julen\Desktop\SIjava\Bets2020-master.zip_expanded\Bets2020-master\src\main\resources\bets.temp' has been recovered (tr. 10-11)

[2020-02-21 13:46:06 #2 store] 
Database 'C:\Users\julen\Desktop\SIjava\Bets2020-master.zip_expanded\Bets2020-master\src\main\resources\bets.temp' is opened by 11028@DESKTOP-NMKPIHB

[2020-02-21 13:46:07 #3 type] 
Type domain.Question is not enhanced.

[2020-02-21 13:46:07 #4 type] 
Type domain.Event is not enhanced.

[2020-02-21 13:46:07 #5 type] 
Type domain.User is not enhanced.

------------------------------------------------------------------------------------------------------------------------

[2020-02-21 13:48:48 #1 store] 
Database 'C:\Users\julen\Desktop\SIjava\Bets2020-master.zip_expanded\Bets2020-master\src\main\resources\bets.temp' has been recovered (tr. 12-12)

[2020-02-21 13:48:48 #2 store] 
Database 'C:\Users\julen\Desktop\SIjava\Bets2020-master.zip_expanded\Bets2020-master\src\main\resources\bets.temp' is opened by 9704@DESKTOP-NMKPIHB

[2020-02-21 13:48:48 #3 type] 
Type domain.Question is not enhanced.

[2020-02-21 13:48:48 #4 type] 
Type domain.Event is not enhanced.

[2020-02-21 13:48:48 #5 type] 
Type domain.User is not enhanced.

------------------------------------------------------------------------------------------------------------------------

[2020-02-21 13:51:22 #1 store] 
Database 'C:\Users\julen\Desktop\SIjava\Bets2020-master.zip_expanded\Bets2020-master\src\main\resources\bets.temp' has been recovered (tr. 13-13)

[2020-02-21 13:51:22 #2 store] 
Database 'C:\Users\julen\Desktop\SIjava\Bets2020-master.zip_expanded\Bets2020-master\src\main\resources\bets.temp' is opened by 8684@DESKTOP-NMKPIHB

[2020-02-21 13:51:22 #3 type] 
Type domain.Question is not enhanced.

[2020-02-21 13:51:22 #4 type] 
Type domain.Event is not enhanced.

[2020-02-21 13:51:22 #5 type] 
Type domain.User is not enhanced.

------------------------------------------------------------------------------------------------------------------------

[2020-02-21 13:51:58 #1 store] 
Database 'C:\Users\julen\Desktop\SIjava\Bets2020-master.zip_expanded\Bets2020-master\src\main\resources\bets.temp' has been recovered (tr. 14-14)

[2020-02-21 13:51:58 #2 store] 
Database 'C:\Users\julen\Desktop\SIjava\Bets2020-master.zip_expanded\Bets2020-master\src\main\resources\bets.temp' is opened by 684@DESKTOP-NMKPIHB

[2020-02-21 13:51:58 #3 type] 
Type domain.Question is not enhanced.

[2020-02-21 13:51:58 #4 type] 
Type domain.Event is not enhanced.

[2020-02-21 13:51:58 #5 type] 
Type domain.User is not enhanced.

------------------------------------------------------------------------------------------------------------------------

[2020-02-21 13:56:47 #1 store] 
Database 'C:\Users\julen\Desktop\SIjava\Bets2020-master.zip_expanded\Bets2020-master\src\main\resources\bets.temp' is opened by 4136@DESKTOP-NMKPIHB

[2020-02-21 13:56:47 #2 type] 
Type domain.Question is not enhanced.

[2020-02-21 13:56:47 #3 type] 
Type domain.Event is not enhanced.

[2020-02-21 13:56:47 #4 type] 
Type domain.User is not enhanced.

------------------------------------------------------------------------------------------------------------------------

[2020-02-21 13:57:27 #1 store] 
Database 'C:\Users\julen\Desktop\SIjava\Bets2020-master.zip_expanded\Bets2020-master\src\main\resources\bets.temp' is opened by 7300@DESKTOP-NMKPIHB

[2020-02-21 13:57:27 #2 type] 
Type domain.Question is not enhanced.

[2020-02-21 13:57:27 #3 type] 
Type domain.Event is not enhanced.

[2020-02-21 13:57:27 #4 type] 
Type domain.User is not enhanced.

