------------------------------------------------------------------------------------------------------------------------

[2020-05-08 12:34:55 #1 store] 
Database 'C:\Users\julen\git\Bets2020Iter2\Bets2020\src\main\resources\bets.temp' is opened by 26848@DESKTOP-VQ96A8O

[2020-05-08 12:34:55 #2 type] 
Type domain.Question is not enhanced.

[2020-05-08 12:34:55 #3 type] 
Type domain.Event is not enhanced.

[2020-05-08 12:34:55 #4 type] 
Type domain.User is not enhanced.

[2020-05-08 12:34:55 #5 type] 
Type domain.Kuota is not enhanced.

[2020-05-08 12:34:55 #6 type] 
Type domain.Registered is not enhanced.

[2020-05-08 12:34:55 #7 type] 
Type domain.Mugimendua is not enhanced.

[2020-05-08 12:34:55 #8 type] 
Type domain.MoneyTrans is not enhanced.

[2020-05-08 12:34:55 #9 type] 
Type domain.Apustua is not enhanced.

[2020-05-08 12:34:55 #10 type] 
Type domain.Admin is not enhanced.

[2020-05-08 12:34:55 #11 type] 
Type domain.MultipleBet is not enhanced.

------------------------------------------------------------------------------------------------------------------------

[2020-05-08 12:40:55 #1 store] 
Database 'C:\Users\julen\git\Bets2020Iter2\Bets2020\src\main\resources\bets.temp' is opened by 5824@DESKTOP-VQ96A8O

[2020-05-08 12:40:55 #2 type] 
Type domain.Question is not enhanced.

[2020-05-08 12:40:55 #3 type] 
Type domain.Event is not enhanced.

[2020-05-08 12:40:55 #4 type] 
Type domain.User is not enhanced.

[2020-05-08 12:40:55 #5 type] 
Type domain.Kuota is not enhanced.

[2020-05-08 12:40:55 #6 type] 
Type domain.Registered is not enhanced.

[2020-05-08 12:40:55 #7 type] 
Type domain.Mugimendua is not enhanced.

[2020-05-08 12:40:55 #8 type] 
Type domain.MoneyTrans is not enhanced.

[2020-05-08 12:40:55 #9 type] 
Type domain.Apustua is not enhanced.

[2020-05-08 12:40:55 #10 type] 
Type domain.Admin is not enhanced.

[2020-05-08 12:40:55 #11 type] 
Type domain.MultipleBet is not enhanced.

------------------------------------------------------------------------------------------------------------------------

[2020-05-08 12:41:52 #1 store] 
Database 'C:\Users\julen\git\Bets2020Iter2\Bets2020\src\main\resources\bets.temp' has been recovered (tr. 928-930)

[2020-05-08 12:41:52 #2 store] 
Database 'C:\Users\julen\git\Bets2020Iter2\Bets2020\src\main\resources\bets.temp' is opened by 38544@DESKTOP-VQ96A8O

[2020-05-08 12:41:52 #3 type] 
Type domain.Question is not enhanced.

[2020-05-08 12:41:52 #4 type] 
Type domain.Event is not enhanced.

[2020-05-08 12:41:52 #5 type] 
Type domain.User is not enhanced.

[2020-05-08 12:41:52 #6 type] 
Type domain.Kuota is not enhanced.

[2020-05-08 12:41:52 #7 type] 
Type domain.Registered is not enhanced.

[2020-05-08 12:41:52 #8 type] 
Type domain.Mugimendua is not enhanced.

[2020-05-08 12:41:52 #9 type] 
Type domain.MoneyTrans is not enhanced.

[2020-05-08 12:41:52 #10 type] 
Type domain.Apustua is not enhanced.

[2020-05-08 12:41:52 #11 type] 
Type domain.Admin is not enhanced.

[2020-05-08 12:41:52 #12 type] 
Type domain.MultipleBet is not enhanced.

------------------------------------------------------------------------------------------------------------------------

[2020-05-08 12:42:19 #1 store] 
Database 'C:\Users\julen\git\Bets2020Iter2\Bets2020\src\main\resources\bets.temp' has been recovered (tr. 931-931)

[2020-05-08 12:42:19 #2 store] 
Database 'C:\Users\julen\git\Bets2020Iter2\Bets2020\src\main\resources\bets.temp' is opened by 7272@DESKTOP-VQ96A8O

[2020-05-08 12:42:19 #3 type] 
Type domain.Question is not enhanced.

[2020-05-08 12:42:19 #4 type] 
Type domain.Event is not enhanced.

[2020-05-08 12:42:19 #5 type] 
Type domain.User is not enhanced.

[2020-05-08 12:42:19 #6 type] 
Type domain.Kuota is not enhanced.

[2020-05-08 12:42:19 #7 type] 
Type domain.Registered is not enhanced.

[2020-05-08 12:42:19 #8 type] 
Type domain.Mugimendua is not enhanced.

[2020-05-08 12:42:19 #9 type] 
Type domain.MoneyTrans is not enhanced.

[2020-05-08 12:42:19 #10 type] 
Type domain.Apustua is not enhanced.

[2020-05-08 12:42:19 #11 type] 
Type domain.Admin is not enhanced.

[2020-05-08 12:42:19 #12 type] 
Type domain.MultipleBet is not enhanced.

------------------------------------------------------------------------------------------------------------------------

[2020-05-08 12:42:49 #1 store] 
Database 'C:\Users\julen\git\Bets2020Iter2\Bets2020\src\main\resources\bets.temp' has been recovered (tr. 932-945)

[2020-05-08 12:42:49 #2 store] 
Database 'C:\Users\julen\git\Bets2020Iter2\Bets2020\src\main\resources\bets.temp' is opened by 34588@DESKTOP-VQ96A8O

[2020-05-08 12:42:49 #3 type] 
Type domain.Question is not enhanced.

[2020-05-08 12:42:49 #4 type] 
Type domain.Event is not enhanced.

[2020-05-08 12:42:49 #5 type] 
Type domain.User is not enhanced.

[2020-05-08 12:42:49 #6 type] 
Type domain.Kuota is not enhanced.

[2020-05-08 12:42:49 #7 type] 
Type domain.Registered is not enhanced.

[2020-05-08 12:42:49 #8 type] 
Type domain.Mugimendua is not enhanced.

[2020-05-08 12:42:49 #9 type] 
Type domain.MoneyTrans is not enhanced.

[2020-05-08 12:42:49 #10 type] 
Type domain.Apustua is not enhanced.

[2020-05-08 12:42:49 #11 type] 
Type domain.Admin is not enhanced.

[2020-05-08 12:42:49 #12 type] 
Type domain.MultipleBet is not enhanced.

------------------------------------------------------------------------------------------------------------------------

[2020-05-08 12:47:45 #1 store] 
Database 'C:\Users\julen\git\Bets2020Iter2\Bets2020\src\main\resources\bets.temp' is opened by 31048@DESKTOP-VQ96A8O

[2020-05-08 12:47:45 #2 type] 
Type domain.Question is not enhanced.

[2020-05-08 12:47:45 #3 type] 
Type domain.Event is not enhanced.

[2020-05-08 12:47:45 #4 type] 
Type domain.User is not enhanced.

[2020-05-08 12:47:45 #5 type] 
Type domain.Kuota is not enhanced.

[2020-05-08 12:47:45 #6 type] 
Type domain.Registered is not enhanced.

[2020-05-08 12:47:45 #7 type] 
Type domain.Mugimendua is not enhanced.

[2020-05-08 12:47:45 #8 type] 
Type domain.MoneyTrans is not enhanced.

[2020-05-08 12:47:45 #9 type] 
Type domain.Apustua is not enhanced.

[2020-05-08 12:47:45 #10 type] 
Type domain.Admin is not enhanced.

[2020-05-08 12:47:45 #11 type] 
Type domain.MultipleBet is not enhanced.

------------------------------------------------------------------------------------------------------------------------

[2020-05-08 12:48:04 #1 store] 
Database 'C:\Users\julen\git\Bets2020Iter2\Bets2020\src\main\resources\bets.temp' is opened by 34144@DESKTOP-VQ96A8O

[2020-05-08 12:48:04 #2 type] 
Type domain.Question is not enhanced.

[2020-05-08 12:48:04 #3 type] 
Type domain.Event is not enhanced.

[2020-05-08 12:48:04 #4 type] 
Type domain.User is not enhanced.

[2020-05-08 12:48:04 #5 type] 
Type domain.Kuota is not enhanced.

[2020-05-08 12:48:04 #6 type] 
Type domain.Registered is not enhanced.

[2020-05-08 12:48:04 #7 type] 
Type domain.Mugimendua is not enhanced.

[2020-05-08 12:48:04 #8 type] 
Type domain.MoneyTrans is not enhanced.

[2020-05-08 12:48:04 #9 type] 
Type domain.Apustua is not enhanced.

[2020-05-08 12:48:04 #10 type] 
Type domain.Admin is not enhanced.

[2020-05-08 12:48:04 #11 type] 
Type domain.MultipleBet is not enhanced.

------------------------------------------------------------------------------------------------------------------------

[2020-05-08 12:53:55 #1 store] 
Database 'C:\Users\julen\git\Bets2020Iter2\Bets2020\src\main\resources\bets.temp' is opened by 29392@DESKTOP-VQ96A8O

[2020-05-08 12:53:55 #2 type] 
Type domain.Question is not enhanced.

[2020-05-08 12:53:55 #3 type] 
Type domain.Event is not enhanced.

[2020-05-08 12:53:55 #4 type] 
Type domain.User is not enhanced.

[2020-05-08 12:53:55 #5 type] 
Type domain.Kuota is not enhanced.

[2020-05-08 12:53:55 #6 type] 
Type domain.Registered is not enhanced.

[2020-05-08 12:53:55 #7 type] 
Type domain.Mugimendua is not enhanced.

[2020-05-08 12:53:55 #8 type] 
Type domain.MoneyTrans is not enhanced.

[2020-05-08 12:53:55 #9 type] 
Type domain.Apustua is not enhanced.

[2020-05-08 12:53:55 #10 type] 
Type domain.Admin is not enhanced.

[2020-05-08 12:53:55 #11 type] 
Type domain.MultipleBet is not enhanced.

------------------------------------------------------------------------------------------------------------------------

[2020-05-08 12:57:40 #1 store] 
Database 'C:\Users\julen\git\Bets2020Iter2\Bets2020\src\main\resources\bets.temp' has been recovered (tr. 946-947)

[2020-05-08 12:57:40 #2 store] 
Database 'C:\Users\julen\git\Bets2020Iter2\Bets2020\src\main\resources\bets.temp' is opened by 33468@DESKTOP-VQ96A8O

[2020-05-08 12:57:40 #3 type] 
Type domain.Question is not enhanced.

[2020-05-08 12:57:40 #4 type] 
Type domain.Event is not enhanced.

[2020-05-08 12:57:40 #5 type] 
Type domain.User is not enhanced.

[2020-05-08 12:57:40 #6 type] 
Type domain.Kuota is not enhanced.

[2020-05-08 12:57:40 #7 type] 
Type domain.Registered is not enhanced.

[2020-05-08 12:57:40 #8 type] 
Type domain.Mugimendua is not enhanced.

[2020-05-08 12:57:40 #9 type] 
Type domain.MoneyTrans is not enhanced.

[2020-05-08 12:57:40 #10 type] 
Type domain.Apustua is not enhanced.

[2020-05-08 12:57:40 #11 type] 
Type domain.Admin is not enhanced.

[2020-05-08 12:57:40 #12 type] 
Type domain.MultipleBet is not enhanced.

------------------------------------------------------------------------------------------------------------------------

[2020-05-08 12:59:34 #1 store] 
Database 'C:\Users\julen\git\Bets2020Iter2\Bets2020\src\main\resources\bets.temp' is opened by 22112@DESKTOP-VQ96A8O

[2020-05-08 12:59:34 #2 type] 
Type domain.Question is not enhanced.

[2020-05-08 12:59:34 #3 type] 
Type domain.Event is not enhanced.

[2020-05-08 12:59:34 #4 type] 
Type domain.User is not enhanced.

[2020-05-08 12:59:34 #5 type] 
Type domain.Kuota is not enhanced.

[2020-05-08 12:59:34 #6 type] 
Type domain.Registered is not enhanced.

[2020-05-08 12:59:34 #7 type] 
Type domain.Mugimendua is not enhanced.

[2020-05-08 12:59:34 #8 type] 
Type domain.MoneyTrans is not enhanced.

[2020-05-08 12:59:34 #9 type] 
Type domain.Apustua is not enhanced.

[2020-05-08 12:59:34 #10 type] 
Type domain.Admin is not enhanced.

[2020-05-08 12:59:34 #11 type] 
Type domain.MultipleBet is not enhanced.

